{"E:\\git-reprositor\\js-advanced-diploma\\src\\js\\Character.js": {"path":"E:\\git-reprositor\\js-advanced-diploma\\src\\js\\Character.js","statementMap":{"0":{"start":{"line":3,"column":4},"end":{"line":5,"column":5}},"1":{"start":{"line":4,"column":6},"end":{"line":4,"column":57}},"2":{"start":{"line":6,"column":4},"end":{"line":6,"column":23}},"3":{"start":{"line":7,"column":4},"end":{"line":7,"column":21}},"4":{"start":{"line":8,"column":4},"end":{"line":8,"column":25}},"5":{"start":{"line":9,"column":4},"end":{"line":9,"column":21}},"6":{"start":{"line":10,"column":4},"end":{"line":10,"column":26}},"7":{"start":{"line":11,"column":4},"end":{"line":11,"column":28}},"8":{"start":{"line":12,"column":4},"end":{"line":12,"column":26}},"9":{"start":{"line":13,"column":4},"end":{"line":13,"column":33}},"10":{"start":{"line":14,"column":4},"end":{"line":14,"column":25}},"11":{"start":{"line":15,"column":4},"end":{"line":15,"column":24}},"12":{"start":{"line":17,"column":4},"end":{"line":19,"column":5}},"13":{"start":{"line":17,"column":17},"end":{"line":17,"column":18}},"14":{"start":{"line":18,"column":6},"end":{"line":18,"column":21}},"15":{"start":{"line":21,"column":4},"end":{"line":26,"column":6}},"16":{"start":{"line":22,"column":21},"end":{"line":22,"column":44}},"17":{"start":{"line":23,"column":25},"end":{"line":23,"column":48}},"18":{"start":{"line":24,"column":22},"end":{"line":24,"column":83}},"19":{"start":{"line":25,"column":24},"end":{"line":25,"column":63}},"20":{"start":{"line":28,"column":4},"end":{"line":31,"column":6}},"21":{"start":{"line":35,"column":4},"end":{"line":35,"column":17}},"22":{"start":{"line":36,"column":22},"end":{"line":36,"column":38}},"23":{"start":{"line":37,"column":4},"end":{"line":37,"column":54}},"24":{"start":{"line":39,"column":29},"end":{"line":39,"column":63}},"25":{"start":{"line":40,"column":30},"end":{"line":40,"column":59}},"26":{"start":{"line":42,"column":4},"end":{"line":44,"column":5}},"27":{"start":{"line":43,"column":6},"end":{"line":43,"column":87}},"28":{"start":{"line":46,"column":4},"end":{"line":48,"column":5}},"29":{"start":{"line":47,"column":6},"end":{"line":47,"column":90}},"30":{"start":{"line":50,"column":4},"end":{"line":50,"column":29}},"31":{"start":{"line":54,"column":15},"end":{"line":54,"column":40}},"32":{"start":{"line":55,"column":15},"end":{"line":55,"column":40}},"33":{"start":{"line":56,"column":4},"end":{"line":56,"column":28}},"34":{"start":{"line":60,"column":4},"end":{"line":60,"column":88}},"35":{"start":{"line":64,"column":20},"end":{"line":64,"column":53}},"36":{"start":{"line":65,"column":20},"end":{"line":65,"column":41}},"37":{"start":{"line":66,"column":18},"end":{"line":66,"column":49}},"38":{"start":{"line":67,"column":18},"end":{"line":67,"column":37}},"39":{"start":{"line":69,"column":23},"end":{"line":69,"column":65}},"40":{"start":{"line":70,"column":4},"end":{"line":70,"column":72}},"41":{"start":{"line":74,"column":4},"end":{"line":74,"column":49}},"42":{"start":{"line":78,"column":4},"end":{"line":78,"column":26}},"43":{"start":{"line":79,"column":4},"end":{"line":81,"column":5}},"44":{"start":{"line":80,"column":6},"end":{"line":80,"column":17}},"45":{"start":{"line":82,"column":4},"end":{"line":82,"column":23}},"46":{"start":{"line":86,"column":4},"end":{"line":86,"column":23}},"47":{"start":{"line":87,"column":4},"end":{"line":87,"column":20}},"48":{"start":{"line":88,"column":4},"end":{"line":88,"column":33}}},"fnMap":{"0":{"name":"(anonymous_0)","decl":{"start":{"line":2,"column":2},"end":{"line":2,"column":3}},"loc":{"start":{"line":2,"column":38},"end":{"line":32,"column":3}},"line":2},"1":{"name":"(anonymous_1)","decl":{"start":{"line":22,"column":14},"end":{"line":22,"column":15}},"loc":{"start":{"line":22,"column":21},"end":{"line":22,"column":44}},"line":22},"2":{"name":"(anonymous_2)","decl":{"start":{"line":23,"column":18},"end":{"line":23,"column":19}},"loc":{"start":{"line":23,"column":25},"end":{"line":23,"column":48}},"line":23},"3":{"name":"(anonymous_3)","decl":{"start":{"line":24,"column":15},"end":{"line":24,"column":16}},"loc":{"start":{"line":24,"column":22},"end":{"line":24,"column":83}},"line":24},"4":{"name":"(anonymous_4)","decl":{"start":{"line":25,"column":17},"end":{"line":25,"column":18}},"loc":{"start":{"line":25,"column":24},"end":{"line":25,"column":63}},"line":25},"5":{"name":"(anonymous_5)","decl":{"start":{"line":34,"column":2},"end":{"line":34,"column":3}},"loc":{"start":{"line":34,"column":12},"end":{"line":51,"column":3}},"line":34},"6":{"name":"(anonymous_6)","decl":{"start":{"line":53,"column":2},"end":{"line":53,"column":3}},"loc":{"start":{"line":53,"column":32},"end":{"line":57,"column":3}},"line":53},"7":{"name":"(anonymous_7)","decl":{"start":{"line":59,"column":2},"end":{"line":59,"column":3}},"loc":{"start":{"line":59,"column":28},"end":{"line":61,"column":3}},"line":59},"8":{"name":"(anonymous_8)","decl":{"start":{"line":63,"column":2},"end":{"line":63,"column":3}},"loc":{"start":{"line":63,"column":45},"end":{"line":71,"column":3}},"line":63},"9":{"name":"(anonymous_9)","decl":{"start":{"line":73,"column":2},"end":{"line":73,"column":3}},"loc":{"start":{"line":73,"column":22},"end":{"line":75,"column":3}},"line":73},"10":{"name":"(anonymous_10)","decl":{"start":{"line":77,"column":2},"end":{"line":77,"column":3}},"loc":{"start":{"line":77,"column":21},"end":{"line":83,"column":3}},"line":77},"11":{"name":"(anonymous_11)","decl":{"start":{"line":85,"column":2},"end":{"line":85,"column":3}},"loc":{"start":{"line":85,"column":8},"end":{"line":89,"column":3}},"line":85}},"branchMap":{"0":{"loc":{"start":{"line":2,"column":21},"end":{"line":2,"column":36}},"type":"default-arg","locations":[{"start":{"line":2,"column":28},"end":{"line":2,"column":36}}],"line":2},"1":{"loc":{"start":{"line":3,"column":4},"end":{"line":5,"column":5}},"type":"if","locations":[{"start":{"line":3,"column":4},"end":{"line":5,"column":5}},{"start":{},"end":{}}],"line":3},"2":{"loc":{"start":{"line":3,"column":8},"end":{"line":3,"column":46}},"type":"binary-expr","locations":[{"start":{"line":3,"column":8},"end":{"line":3,"column":33}},{"start":{"line":3,"column":37},"end":{"line":3,"column":46}}],"line":3},"3":{"loc":{"start":{"line":42,"column":4},"end":{"line":44,"column":5}},"type":"if","locations":[{"start":{"line":42,"column":4},"end":{"line":44,"column":5}},{"start":{},"end":{}}],"line":42},"4":{"loc":{"start":{"line":46,"column":4},"end":{"line":48,"column":5}},"type":"if","locations":[{"start":{"line":46,"column":4},"end":{"line":48,"column":5}},{"start":{},"end":{}}],"line":46},"5":{"loc":{"start":{"line":69,"column":23},"end":{"line":69,"column":65}},"type":"binary-expr","locations":[{"start":{"line":69,"column":24},"end":{"line":69,"column":41}},{"start":{"line":69,"column":47},"end":{"line":69,"column":64}}],"line":69},"6":{"loc":{"start":{"line":70,"column":11},"end":{"line":70,"column":71}},"type":"cond-expr","locations":[{"start":{"line":70,"column":24},"end":{"line":70,"column":46}},{"start":{"line":70,"column":49},"end":{"line":70,"column":71}}],"line":70},"7":{"loc":{"start":{"line":79,"column":4},"end":{"line":81,"column":5}},"type":"if","locations":[{"start":{"line":79,"column":4},"end":{"line":81,"column":5}},{"start":{},"end":{}}],"line":79}},"s":{"0":47,"1":0,"2":47,"3":47,"4":47,"5":47,"6":47,"7":47,"8":47,"9":47,"10":47,"11":47,"12":47,"13":47,"14":22,"15":47,"16":0,"17":0,"18":0,"19":0,"20":47,"21":22,"22":22,"23":22,"24":22,"25":22,"26":22,"27":0,"28":22,"29":0,"30":22,"31":2,"32":2,"33":2,"34":0,"35":0,"36":0,"37":0,"38":0,"39":0,"40":0,"41":42,"42":1,"43":1,"44":0,"45":1,"46":0,"47":0,"48":0},"f":{"0":47,"1":0,"2":0,"3":0,"4":0,"5":22,"6":2,"7":0,"8":0,"9":42,"10":1,"11":0},"b":{"0":[47],"1":[0,47],"2":[47,47],"3":[0,22],"4":[0,22],"5":[0,0],"6":[0,0],"7":[0,1]},"_coverageSchema":"1a1c01bbd47fc00a2c39e90264f33305004495a9","hash":"9f0a8de97baca887ee3894270aece3d6ce3b3024"}
,"E:\\git-reprositor\\js-advanced-diploma\\src\\js\\GameController.js": {"path":"E:\\git-reprositor\\js-advanced-diploma\\src\\js\\GameController.js","statementMap":{"0":{"start":{"line":14,"column":4},"end":{"line":14,"column":29}},"1":{"start":{"line":15,"column":4},"end":{"line":15,"column":90}},"2":{"start":{"line":16,"column":4},"end":{"line":16,"column":53}},"3":{"start":{"line":17,"column":4},"end":{"line":17,"column":48}},"4":{"start":{"line":19,"column":4},"end":{"line":19,"column":22}},"5":{"start":{"line":20,"column":4},"end":{"line":20,"column":27}},"6":{"start":{"line":21,"column":4},"end":{"line":21,"column":28}},"7":{"start":{"line":23,"column":4},"end":{"line":23,"column":25}},"8":{"start":{"line":24,"column":4},"end":{"line":24,"column":24}},"9":{"start":{"line":25,"column":4},"end":{"line":25,"column":41}},"10":{"start":{"line":26,"column":4},"end":{"line":26,"column":40}},"11":{"start":{"line":28,"column":4},"end":{"line":28,"column":37}},"12":{"start":{"line":29,"column":4},"end":{"line":29,"column":34}},"13":{"start":{"line":30,"column":4},"end":{"line":30,"column":34}},"14":{"start":{"line":31,"column":4},"end":{"line":31,"column":37}},"15":{"start":{"line":33,"column":4},"end":{"line":33,"column":32}},"16":{"start":{"line":34,"column":4},"end":{"line":34,"column":25}},"17":{"start":{"line":36,"column":4},"end":{"line":36,"column":26}},"18":{"start":{"line":37,"column":4},"end":{"line":37,"column":22}},"19":{"start":{"line":38,"column":4},"end":{"line":38,"column":62}},"20":{"start":{"line":39,"column":4},"end":{"line":39,"column":22}},"21":{"start":{"line":45,"column":27},"end":{"line":47,"column":5}},"22":{"start":{"line":46,"column":14},"end":{"line":46,"column":61}},"23":{"start":{"line":49,"column":27},"end":{"line":51,"column":5}},"24":{"start":{"line":50,"column":14},"end":{"line":50,"column":61}},"25":{"start":{"line":53,"column":4},"end":{"line":64,"column":5}},"26":{"start":{"line":54,"column":20},"end":{"line":54,"column":41}},"27":{"start":{"line":55,"column":6},"end":{"line":55,"column":53}},"28":{"start":{"line":57,"column":6},"end":{"line":62,"column":7}},"29":{"start":{"line":58,"column":8},"end":{"line":58,"column":31}},"30":{"start":{"line":60,"column":8},"end":{"line":60,"column":108}},"31":{"start":{"line":61,"column":8},"end":{"line":61,"column":24}},"32":{"start":{"line":63,"column":6},"end":{"line":63,"column":18}},"33":{"start":{"line":66,"column":4},"end":{"line":70,"column":5}},"34":{"start":{"line":67,"column":6},"end":{"line":67,"column":100}},"35":{"start":{"line":68,"column":6},"end":{"line":68,"column":22}},"36":{"start":{"line":69,"column":6},"end":{"line":69,"column":18}},"37":{"start":{"line":72,"column":4},"end":{"line":72,"column":17}},"38":{"start":{"line":76,"column":4},"end":{"line":76,"column":24}},"39":{"start":{"line":77,"column":18},"end":{"line":77,"column":52}},"40":{"start":{"line":79,"column":4},"end":{"line":79,"column":28}},"41":{"start":{"line":81,"column":4},"end":{"line":95,"column":9}},"42":{"start":{"line":82,"column":19},"end":{"line":82,"column":28}},"43":{"start":{"line":84,"column":26},"end":{"line":84,"column":38}},"44":{"start":{"line":85,"column":8},"end":{"line":85,"column":52}},"45":{"start":{"line":87,"column":33},"end":{"line":87,"column":63}},"46":{"start":{"line":88,"column":8},"end":{"line":92,"column":9}},"47":{"start":{"line":89,"column":10},"end":{"line":89,"column":50}},"48":{"start":{"line":90,"column":15},"end":{"line":92,"column":9}},"49":{"start":{"line":91,"column":10},"end":{"line":91,"column":51}},"50":{"start":{"line":94,"column":8},"end":{"line":94,"column":20}},"51":{"start":{"line":97,"column":4},"end":{"line":97,"column":78}},"52":{"start":{"line":98,"column":4},"end":{"line":98,"column":32}},"53":{"start":{"line":99,"column":4},"end":{"line":99,"column":25}},"54":{"start":{"line":100,"column":4},"end":{"line":100,"column":23}},"55":{"start":{"line":101,"column":4},"end":{"line":101,"column":39}},"56":{"start":{"line":102,"column":4},"end":{"line":102,"column":31}},"57":{"start":{"line":103,"column":4},"end":{"line":103,"column":23}},"58":{"start":{"line":107,"column":4},"end":{"line":109,"column":10}},"59":{"start":{"line":108,"column":6},"end":{"line":108,"column":51}},"60":{"start":{"line":113,"column":4},"end":{"line":113,"column":28}},"61":{"start":{"line":114,"column":4},"end":{"line":114,"column":23}},"62":{"start":{"line":118,"column":4},"end":{"line":118,"column":37}},"63":{"start":{"line":119,"column":4},"end":{"line":119,"column":35}},"64":{"start":{"line":120,"column":4},"end":{"line":120,"column":29}},"65":{"start":{"line":124,"column":4},"end":{"line":124,"column":64}},"66":{"start":{"line":128,"column":4},"end":{"line":142,"column":5}},"67":{"start":{"line":129,"column":24},"end":{"line":137,"column":7}},"68":{"start":{"line":138,"column":6},"end":{"line":138,"column":40}},"69":{"start":{"line":140,"column":6},"end":{"line":140,"column":60}},"70":{"start":{"line":141,"column":6},"end":{"line":141,"column":42}},"71":{"start":{"line":146,"column":4},"end":{"line":146,"column":30}},"72":{"start":{"line":147,"column":4},"end":{"line":232,"column":5}},"73":{"start":{"line":148,"column":26},"end":{"line":148,"column":50}},"74":{"start":{"line":150,"column":26},"end":{"line":167,"column":7}},"75":{"start":{"line":151,"column":8},"end":{"line":151,"column":51}},"76":{"start":{"line":151,"column":39},"end":{"line":151,"column":51}},"77":{"start":{"line":152,"column":8},"end":{"line":165,"column":11}},"78":{"start":{"line":153,"column":28},"end":{"line":153,"column":83}},"79":{"start":{"line":153,"column":44},"end":{"line":153,"column":82}},"80":{"start":{"line":154,"column":10},"end":{"line":154,"column":42}},"81":{"start":{"line":154,"column":26},"end":{"line":154,"column":42}},"82":{"start":{"line":156,"column":28},"end":{"line":156,"column":57}},"83":{"start":{"line":158,"column":10},"end":{"line":162,"column":13}},"84":{"start":{"line":159,"column":12},"end":{"line":161,"column":13}},"85":{"start":{"line":160,"column":14},"end":{"line":160,"column":45}},"86":{"start":{"line":164,"column":10},"end":{"line":164,"column":27}},"87":{"start":{"line":166,"column":8},"end":{"line":166,"column":20}},"88":{"start":{"line":169,"column":40},"end":{"line":178,"column":7}},"89":{"start":{"line":170,"column":26},"end":{"line":172,"column":9}},"90":{"start":{"line":171,"column":15},"end":{"line":171,"column":54}},"91":{"start":{"line":173,"column":8},"end":{"line":177,"column":9}},"92":{"start":{"line":174,"column":27},"end":{"line":174,"column":57}},"93":{"start":{"line":175,"column":10},"end":{"line":175,"column":52}},"94":{"start":{"line":176,"column":10},"end":{"line":176,"column":54}},"95":{"start":{"line":180,"column":6},"end":{"line":180,"column":43}},"96":{"start":{"line":181,"column":6},"end":{"line":181,"column":51}},"97":{"start":{"line":182,"column":6},"end":{"line":182,"column":59}},"98":{"start":{"line":184,"column":6},"end":{"line":184,"column":78}},"99":{"start":{"line":185,"column":6},"end":{"line":185,"column":75}},"100":{"start":{"line":187,"column":6},"end":{"line":189,"column":8}},"101":{"start":{"line":191,"column":32},"end":{"line":199,"column":7}},"102":{"start":{"line":192,"column":8},"end":{"line":198,"column":11}},"103":{"start":{"line":193,"column":23},"end":{"line":196,"column":27}},"104":{"start":{"line":194,"column":12},"end":{"line":195,"column":42}},"105":{"start":{"line":197,"column":10},"end":{"line":197,"column":60}},"106":{"start":{"line":201,"column":6},"end":{"line":204,"column":8}},"107":{"start":{"line":205,"column":6},"end":{"line":208,"column":8}},"108":{"start":{"line":210,"column":20},"end":{"line":210,"column":54}},"109":{"start":{"line":211,"column":6},"end":{"line":211,"column":34}},"110":{"start":{"line":213,"column":6},"end":{"line":213,"column":33}},"111":{"start":{"line":214,"column":6},"end":{"line":214,"column":61}},"112":{"start":{"line":214,"column":45},"end":{"line":214,"column":59}},"113":{"start":{"line":215,"column":6},"end":{"line":215,"column":63}},"114":{"start":{"line":215,"column":46},"end":{"line":215,"column":61}},"115":{"start":{"line":216,"column":6},"end":{"line":216,"column":63}},"116":{"start":{"line":216,"column":46},"end":{"line":216,"column":61}},"117":{"start":{"line":218,"column":6},"end":{"line":218,"column":25}},"118":{"start":{"line":219,"column":6},"end":{"line":219,"column":33}},"119":{"start":{"line":220,"column":6},"end":{"line":220,"column":25}},"120":{"start":{"line":221,"column":6},"end":{"line":221,"column":41}},"121":{"start":{"line":223,"column":6},"end":{"line":227,"column":9}},"122":{"start":{"line":229,"column":6},"end":{"line":229,"column":42}},"123":{"start":{"line":230,"column":6},"end":{"line":230,"column":59}},"124":{"start":{"line":231,"column":6},"end":{"line":231,"column":21}},"125":{"start":{"line":236,"column":4},"end":{"line":253,"column":5}},"126":{"start":{"line":237,"column":20},"end":{"line":237,"column":54}},"127":{"start":{"line":238,"column":6},"end":{"line":238,"column":34}},"128":{"start":{"line":239,"column":6},"end":{"line":239,"column":27}},"129":{"start":{"line":240,"column":6},"end":{"line":240,"column":25}},"130":{"start":{"line":241,"column":6},"end":{"line":241,"column":33}},"131":{"start":{"line":243,"column":6},"end":{"line":243,"column":61}},"132":{"start":{"line":243,"column":45},"end":{"line":243,"column":59}},"133":{"start":{"line":244,"column":6},"end":{"line":244,"column":63}},"134":{"start":{"line":244,"column":46},"end":{"line":244,"column":61}},"135":{"start":{"line":245,"column":6},"end":{"line":245,"column":63}},"136":{"start":{"line":245,"column":46},"end":{"line":245,"column":61}},"137":{"start":{"line":247,"column":6},"end":{"line":249,"column":8}},"138":{"start":{"line":248,"column":8},"end":{"line":248,"column":56}},"139":{"start":{"line":250,"column":6},"end":{"line":250,"column":41}},"140":{"start":{"line":252,"column":6},"end":{"line":252,"column":45}},"141":{"start":{"line":254,"column":4},"end":{"line":254,"column":31}},"142":{"start":{"line":255,"column":4},"end":{"line":255,"column":39}},"143":{"start":{"line":256,"column":4},"end":{"line":256,"column":23}},"144":{"start":{"line":260,"column":4},"end":{"line":260,"column":26}},"145":{"start":{"line":261,"column":4},"end":{"line":261,"column":30}},"146":{"start":{"line":262,"column":18},"end":{"line":262,"column":52}},"147":{"start":{"line":263,"column":4},"end":{"line":263,"column":32}},"148":{"start":{"line":264,"column":4},"end":{"line":264,"column":25}},"149":{"start":{"line":265,"column":4},"end":{"line":265,"column":23}},"150":{"start":{"line":266,"column":4},"end":{"line":266,"column":39}},"151":{"start":{"line":267,"column":4},"end":{"line":267,"column":31}},"152":{"start":{"line":268,"column":4},"end":{"line":268,"column":23}},"153":{"start":{"line":272,"column":4},"end":{"line":274,"column":7}},"154":{"start":{"line":273,"column":6},"end":{"line":273,"column":43}},"155":{"start":{"line":273,"column":21},"end":{"line":273,"column":43}},"156":{"start":{"line":275,"column":4},"end":{"line":277,"column":7}},"157":{"start":{"line":276,"column":6},"end":{"line":276,"column":43}},"158":{"start":{"line":276,"column":21},"end":{"line":276,"column":43}},"159":{"start":{"line":281,"column":24},"end":{"line":281,"column":73}},"160":{"start":{"line":282,"column":4},"end":{"line":286,"column":6}},"161":{"start":{"line":287,"column":4},"end":{"line":287,"column":79}},"162":{"start":{"line":289,"column":4},"end":{"line":292,"column":6}},"163":{"start":{"line":293,"column":4},"end":{"line":296,"column":6}},"164":{"start":{"line":300,"column":22},"end":{"line":300,"column":45}},"165":{"start":{"line":301,"column":26},"end":{"line":301,"column":35}},"166":{"start":{"line":302,"column":24},"end":{"line":302,"column":57}},"167":{"start":{"line":304,"column":4},"end":{"line":306,"column":5}},"168":{"start":{"line":305,"column":6},"end":{"line":305,"column":80}},"169":{"start":{"line":308,"column":4},"end":{"line":322,"column":7}},"170":{"start":{"line":309,"column":33},"end":{"line":313,"column":49}},"171":{"start":{"line":311,"column":10},"end":{"line":311,"column":78}},"172":{"start":{"line":311,"column":56},"end":{"line":311,"column":77}},"173":{"start":{"line":313,"column":25},"end":{"line":313,"column":48}},"174":{"start":{"line":316,"column":8},"end":{"line":318,"column":9}},"175":{"start":{"line":319,"column":6},"end":{"line":319,"column":34}},"176":{"start":{"line":321,"column":6},"end":{"line":321,"column":58}},"177":{"start":{"line":326,"column":36},"end":{"line":329,"column":5}},"178":{"start":{"line":330,"column":4},"end":{"line":330,"column":59}},"179":{"start":{"line":334,"column":4},"end":{"line":334,"column":42}},"180":{"start":{"line":335,"column":4},"end":{"line":335,"column":42}},"181":{"start":{"line":336,"column":4},"end":{"line":336,"column":42}},"182":{"start":{"line":338,"column":4},"end":{"line":338,"column":68}},"183":{"start":{"line":339,"column":4},"end":{"line":339,"column":68}},"184":{"start":{"line":340,"column":4},"end":{"line":340,"column":68}},"185":{"start":{"line":344,"column":24},"end":{"line":344,"column":63}},"186":{"start":{"line":345,"column":4},"end":{"line":345,"column":29}},"187":{"start":{"line":345,"column":22},"end":{"line":345,"column":29}},"188":{"start":{"line":347,"column":4},"end":{"line":353,"column":5}},"189":{"start":{"line":348,"column":6},"end":{"line":348,"column":42}},"190":{"start":{"line":349,"column":6},"end":{"line":349,"column":44}},"191":{"start":{"line":351,"column":6},"end":{"line":351,"column":49}},"192":{"start":{"line":352,"column":6},"end":{"line":352,"column":43}},"193":{"start":{"line":357,"column":4},"end":{"line":360,"column":5}},"194":{"start":{"line":358,"column":6},"end":{"line":358,"column":38}},"195":{"start":{"line":359,"column":6},"end":{"line":359,"column":13}},"196":{"start":{"line":362,"column":21},"end":{"line":362,"column":44}},"197":{"start":{"line":363,"column":24},"end":{"line":363,"column":78}},"198":{"start":{"line":365,"column":4},"end":{"line":374,"column":5}},"199":{"start":{"line":366,"column":6},"end":{"line":366,"column":53}},"200":{"start":{"line":368,"column":6},"end":{"line":373,"column":9}},"201":{"start":{"line":376,"column":4},"end":{"line":384,"column":5}},"202":{"start":{"line":377,"column":6},"end":{"line":381,"column":7}},"203":{"start":{"line":378,"column":8},"end":{"line":378,"column":49}},"204":{"start":{"line":379,"column":13},"end":{"line":381,"column":7}},"205":{"start":{"line":380,"column":8},"end":{"line":380,"column":72}},"206":{"start":{"line":382,"column":11},"end":{"line":384,"column":5}},"207":{"start":{"line":383,"column":6},"end":{"line":383,"column":56}},"208":{"start":{"line":388,"column":21},"end":{"line":391,"column":5}},"209":{"start":{"line":392,"column":27},"end":{"line":392,"column":69}},"210":{"start":{"line":392,"column":47},"end":{"line":392,"column":68}},"211":{"start":{"line":394,"column":4},"end":{"line":409,"column":5}},"212":{"start":{"line":395,"column":21},"end":{"line":395,"column":80}},"213":{"start":{"line":396,"column":6},"end":{"line":396,"column":38}},"214":{"start":{"line":398,"column":6},"end":{"line":405,"column":7}},"215":{"start":{"line":399,"column":8},"end":{"line":402,"column":10}},"216":{"start":{"line":404,"column":8},"end":{"line":404,"column":47}},"217":{"start":{"line":407,"column":6},"end":{"line":407,"column":41}},"218":{"start":{"line":408,"column":6},"end":{"line":408,"column":45}},"219":{"start":{"line":413,"column":4},"end":{"line":413,"column":43}},"220":{"start":{"line":414,"column":4},"end":{"line":414,"column":39}},"221":{"start":{"line":418,"column":4},"end":{"line":421,"column":41}},"222":{"start":{"line":421,"column":19},"end":{"line":421,"column":39}},"223":{"start":{"line":425,"column":4},"end":{"line":425,"column":37}},"224":{"start":{"line":426,"column":4},"end":{"line":426,"column":35}},"225":{"start":{"line":428,"column":4},"end":{"line":428,"column":39}},"226":{"start":{"line":429,"column":4},"end":{"line":429,"column":38}},"227":{"start":{"line":430,"column":4},"end":{"line":430,"column":36}},"228":{"start":{"line":432,"column":4},"end":{"line":432,"column":49}},"229":{"start":{"line":433,"column":4},"end":{"line":433,"column":34}},"230":{"start":{"line":437,"column":4},"end":{"line":437,"column":40}},"231":{"start":{"line":437,"column":33},"end":{"line":437,"column":40}},"232":{"start":{"line":439,"column":4},"end":{"line":439,"column":31}},"233":{"start":{"line":440,"column":4},"end":{"line":440,"column":37}},"234":{"start":{"line":441,"column":4},"end":{"line":441,"column":51}},"235":{"start":{"line":445,"column":22},"end":{"line":445,"column":44}},"236":{"start":{"line":446,"column":17},"end":{"line":446,"column":79}},"237":{"start":{"line":448,"column":4},"end":{"line":453,"column":5}},"238":{"start":{"line":449,"column":6},"end":{"line":451,"column":8}},"239":{"start":{"line":452,"column":6},"end":{"line":452,"column":19}},"240":{"start":{"line":455,"column":21},"end":{"line":455,"column":74}},"241":{"start":{"line":456,"column":4},"end":{"line":459,"column":5}},"242":{"start":{"line":457,"column":6},"end":{"line":457,"column":62}},"243":{"start":{"line":458,"column":6},"end":{"line":458,"column":19}},"244":{"start":{"line":461,"column":4},"end":{"line":461,"column":48}},"245":{"start":{"line":463,"column":4},"end":{"line":463,"column":46}},"246":{"start":{"line":464,"column":4},"end":{"line":464,"column":37}},"247":{"start":{"line":465,"column":4},"end":{"line":465,"column":53}},"248":{"start":{"line":467,"column":4},"end":{"line":467,"column":23}},"249":{"start":{"line":468,"column":4},"end":{"line":468,"column":34}},"250":{"start":{"line":470,"column":4},"end":{"line":472,"column":5}},"251":{"start":{"line":471,"column":6},"end":{"line":471,"column":24}},"252":{"start":{"line":473,"column":4},"end":{"line":473,"column":16}},"253":{"start":{"line":477,"column":20},"end":{"line":477,"column":51}},"254":{"start":{"line":478,"column":18},"end":{"line":478,"column":47}},"255":{"start":{"line":479,"column":15},"end":{"line":479,"column":44}},"256":{"start":{"line":480,"column":15},"end":{"line":480,"column":44}},"257":{"start":{"line":482,"column":23},"end":{"line":482,"column":39}},"258":{"start":{"line":483,"column":18},"end":{"line":483,"column":34}},"259":{"start":{"line":485,"column":4},"end":{"line":487,"column":5}},"260":{"start":{"line":486,"column":6},"end":{"line":486,"column":42}},"261":{"start":{"line":489,"column":4},"end":{"line":489,"column":40}},"262":{"start":{"line":493,"column":4},"end":{"line":493,"column":50}},"263":{"start":{"line":493,"column":31},"end":{"line":493,"column":50}},"264":{"start":{"line":495,"column":22},"end":{"line":495,"column":45}},"265":{"start":{"line":496,"column":20},"end":{"line":496,"column":51}},"266":{"start":{"line":497,"column":18},"end":{"line":497,"column":47}},"267":{"start":{"line":499,"column":17},"end":{"line":499,"column":28}},"268":{"start":{"line":500,"column":21},"end":{"line":500,"column":33}},"269":{"start":{"line":501,"column":16},"end":{"line":501,"column":17}},"270":{"start":{"line":503,"column":4},"end":{"line":521,"column":5}},"271":{"start":{"line":504,"column":6},"end":{"line":505,"column":54}},"272":{"start":{"line":504,"column":34},"end":{"line":504,"column":49}},"273":{"start":{"line":505,"column":11},"end":{"line":505,"column":54}},"274":{"start":{"line":505,"column":39},"end":{"line":505,"column":54}},"275":{"start":{"line":507,"column":6},"end":{"line":508,"column":54}},"276":{"start":{"line":507,"column":34},"end":{"line":507,"column":49}},"277":{"start":{"line":508,"column":11},"end":{"line":508,"column":54}},"278":{"start":{"line":508,"column":39},"end":{"line":508,"column":54}},"279":{"start":{"line":510,"column":24},"end":{"line":510,"column":63}},"280":{"start":{"line":512,"column":24},"end":{"line":515,"column":7}},"281":{"start":{"line":517,"column":6},"end":{"line":517,"column":27}},"282":{"start":{"line":517,"column":21},"end":{"line":517,"column":27}},"283":{"start":{"line":519,"column":6},"end":{"line":519,"column":27}},"284":{"start":{"line":520,"column":6},"end":{"line":520,"column":14}},"285":{"start":{"line":523,"column":4},"end":{"line":523,"column":16}},"286":{"start":{"line":527,"column":25},"end":{"line":527,"column":39}},"287":{"start":{"line":528,"column":4},"end":{"line":528,"column":30}},"288":{"start":{"line":530,"column":4},"end":{"line":535,"column":5}},"289":{"start":{"line":530,"column":17},"end":{"line":530,"column":18}},"290":{"start":{"line":531,"column":22},"end":{"line":531,"column":29}},"291":{"start":{"line":532,"column":6},"end":{"line":532,"column":55}},"292":{"start":{"line":533,"column":6},"end":{"line":533,"column":25}},"293":{"start":{"line":534,"column":6},"end":{"line":534,"column":63}},"294":{"start":{"line":534,"column":37},"end":{"line":534,"column":61}},"295":{"start":{"line":537,"column":4},"end":{"line":537,"column":34}},"296":{"start":{"line":541,"column":4},"end":{"line":541,"column":77}},"297":{"start":{"line":543,"column":4},"end":{"line":555,"column":5}},"298":{"start":{"line":544,"column":6},"end":{"line":548,"column":8}},"299":{"start":{"line":545,"column":16},"end":{"line":547,"column":14}},"300":{"start":{"line":550,"column":6},"end":{"line":554,"column":8}},"301":{"start":{"line":551,"column":16},"end":{"line":553,"column":14}},"302":{"start":{"line":557,"column":21},"end":{"line":560,"column":5}},"303":{"start":{"line":561,"column":4},"end":{"line":562,"column":96}},"304":{"start":{"line":566,"column":22},"end":{"line":566,"column":24}},"305":{"start":{"line":568,"column":4},"end":{"line":574,"column":5}},"306":{"start":{"line":569,"column":6},"end":{"line":573,"column":9}},"307":{"start":{"line":572,"column":10},"end":{"line":572,"column":69}},"308":{"start":{"line":576,"column":4},"end":{"line":582,"column":5}},"309":{"start":{"line":577,"column":6},"end":{"line":581,"column":9}},"310":{"start":{"line":580,"column":10},"end":{"line":580,"column":73}},"311":{"start":{"line":584,"column":4},"end":{"line":584,"column":67}},"312":{"start":{"line":588,"column":4},"end":{"line":588,"column":61}},"313":{"start":{"line":588,"column":54},"end":{"line":588,"column":61}},"314":{"start":{"line":590,"column":22},"end":{"line":595,"column":5}},"315":{"start":{"line":593,"column":22},"end":{"line":593,"column":65}},"316":{"start":{"line":597,"column":4},"end":{"line":597,"column":65}},"317":{"start":{"line":601,"column":22},"end":{"line":601,"column":45}},"318":{"start":{"line":602,"column":18},"end":{"line":602,"column":20}},"319":{"start":{"line":604,"column":4},"end":{"line":620,"column":5}},"320":{"start":{"line":604,"column":19},"end":{"line":604,"column":20}},"321":{"start":{"line":605,"column":6},"end":{"line":619,"column":7}},"322":{"start":{"line":605,"column":21},"end":{"line":605,"column":22}},"323":{"start":{"line":606,"column":20},"end":{"line":606,"column":41}},"324":{"start":{"line":607,"column":24},"end":{"line":607,"column":72}},"325":{"start":{"line":608,"column":24},"end":{"line":608,"column":62}},"326":{"start":{"line":610,"column":8},"end":{"line":618,"column":9}},"327":{"start":{"line":611,"column":27},"end":{"line":614,"column":11}},"328":{"start":{"line":615,"column":10},"end":{"line":617,"column":11}},"329":{"start":{"line":616,"column":12},"end":{"line":616,"column":28}},"330":{"start":{"line":622,"column":4},"end":{"line":622,"column":17}},"331":{"start":{"line":626,"column":22},"end":{"line":626,"column":45}},"332":{"start":{"line":627,"column":20},"end":{"line":627,"column":22}},"333":{"start":{"line":629,"column":6},"end":{"line":631,"column":41}},"334":{"start":{"line":633,"column":4},"end":{"line":646,"column":5}},"335":{"start":{"line":633,"column":19},"end":{"line":633,"column":20}},"336":{"start":{"line":634,"column":6},"end":{"line":645,"column":7}},"337":{"start":{"line":634,"column":21},"end":{"line":634,"column":22}},"338":{"start":{"line":635,"column":20},"end":{"line":635,"column":41}},"339":{"start":{"line":636,"column":24},"end":{"line":636,"column":72}},"340":{"start":{"line":637,"column":24},"end":{"line":637,"column":62}},"341":{"start":{"line":639,"column":8},"end":{"line":644,"column":9}},"342":{"start":{"line":640,"column":23},"end":{"line":640,"column":78}},"343":{"start":{"line":641,"column":10},"end":{"line":643,"column":11}},"344":{"start":{"line":642,"column":12},"end":{"line":642,"column":30}},"345":{"start":{"line":648,"column":4},"end":{"line":648,"column":19}},"346":{"start":{"line":652,"column":4},"end":{"line":652,"column":40}},"347":{"start":{"line":652,"column":33},"end":{"line":652,"column":40}},"348":{"start":{"line":654,"column":4},"end":{"line":654,"column":37}},"349":{"start":{"line":655,"column":21},"end":{"line":658,"column":5}},"350":{"start":{"line":659,"column":4},"end":{"line":659,"column":34}},"351":{"start":{"line":659,"column":27},"end":{"line":659,"column":34}},"352":{"start":{"line":661,"column":4},"end":{"line":661,"column":49}},"353":{"start":{"line":663,"column":24},"end":{"line":666,"column":5}},"354":{"start":{"line":668,"column":4},"end":{"line":672,"column":5}},"355":{"start":{"line":669,"column":6},"end":{"line":671,"column":8}},"356":{"start":{"line":670,"column":8},"end":{"line":670,"column":46}},"357":{"start":{"line":674,"column":4},"end":{"line":677,"column":61}},"358":{"start":{"line":677,"column":23},"end":{"line":677,"column":59}},"359":{"start":{"line":681,"column":4},"end":{"line":684,"column":5}},"360":{"start":{"line":682,"column":6},"end":{"line":682,"column":45}},"361":{"start":{"line":683,"column":6},"end":{"line":683,"column":13}},"362":{"start":{"line":686,"column":24},"end":{"line":689,"column":5}},"363":{"start":{"line":691,"column":4},"end":{"line":695,"column":5}},"364":{"start":{"line":692,"column":6},"end":{"line":692,"column":62}},"365":{"start":{"line":693,"column":6},"end":{"line":693,"column":85}},"366":{"start":{"line":694,"column":6},"end":{"line":694,"column":13}},"367":{"start":{"line":697,"column":21},"end":{"line":700,"column":5}},"368":{"start":{"line":702,"column":4},"end":{"line":707,"column":5}},"369":{"start":{"line":703,"column":6},"end":{"line":705,"column":7}},"370":{"start":{"line":704,"column":8},"end":{"line":704,"column":56}},"371":{"start":{"line":706,"column":6},"end":{"line":706,"column":13}},"372":{"start":{"line":709,"column":17},"end":{"line":709,"column":48}},"373":{"start":{"line":710,"column":4},"end":{"line":713,"column":5}},"374":{"start":{"line":711,"column":6},"end":{"line":711,"column":62}},"375":{"start":{"line":712,"column":6},"end":{"line":712,"column":13}},"376":{"start":{"line":715,"column":19},"end":{"line":715,"column":49}},"377":{"start":{"line":716,"column":19},"end":{"line":716,"column":44}},"378":{"start":{"line":718,"column":4},"end":{"line":718,"column":75}},"379":{"start":{"line":720,"column":4},"end":{"line":720,"column":30}},"380":{"start":{"line":721,"column":4},"end":{"line":721,"column":48}},"381":{"start":{"line":723,"column":4},"end":{"line":723,"column":35}},"382":{"start":{"line":724,"column":4},"end":{"line":724,"column":23}},"383":{"start":{"line":726,"column":4},"end":{"line":728,"column":5}},"384":{"start":{"line":727,"column":6},"end":{"line":727,"column":40}},"385":{"start":{"line":730,"column":4},"end":{"line":732,"column":5}},"386":{"start":{"line":731,"column":6},"end":{"line":731,"column":24}},"387":{"start":{"line":736,"column":4},"end":{"line":736,"column":20}},"388":{"start":{"line":737,"column":4},"end":{"line":737,"column":58}},"389":{"start":{"line":738,"column":4},"end":{"line":738,"column":23}},"390":{"start":{"line":740,"column":4},"end":{"line":742,"column":5}},"391":{"start":{"line":741,"column":6},"end":{"line":741,"column":13}},"392":{"start":{"line":746,"column":25},"end":{"line":746,"column":58}},"393":{"start":{"line":747,"column":4},"end":{"line":747,"column":38}},"394":{"start":{"line":748,"column":4},"end":{"line":748,"column":38}},"395":{"start":{"line":750,"column":4},"end":{"line":752,"column":6}},"396":{"start":{"line":753,"column":4},"end":{"line":753,"column":35}},"397":{"start":{"line":754,"column":4},"end":{"line":754,"column":23}},"398":{"start":{"line":755,"column":4},"end":{"line":755,"column":34}},"399":{"start":{"line":757,"column":4},"end":{"line":759,"column":5}},"400":{"start":{"line":758,"column":6},"end":{"line":758,"column":24}},"401":{"start":{"line":763,"column":22},"end":{"line":763,"column":45}},"402":{"start":{"line":764,"column":4},"end":{"line":767,"column":6}},"403":{"start":{"line":771,"column":32},"end":{"line":771,"column":72}},"404":{"start":{"line":772,"column":4},"end":{"line":772,"column":37}},"405":{"start":{"line":772,"column":30},"end":{"line":772,"column":37}},"406":{"start":{"line":774,"column":15},"end":{"line":774,"column":40}},"407":{"start":{"line":775,"column":4},"end":{"line":777,"column":7}},"408":{"start":{"line":776,"column":6},"end":{"line":776,"column":86}},"409":{"start":{"line":779,"column":4},"end":{"line":779,"column":41}},"410":{"start":{"line":783,"column":4},"end":{"line":785,"column":46}},"411":{"start":{"line":784,"column":19},"end":{"line":784,"column":28}},"412":{"start":{"line":785,"column":18},"end":{"line":785,"column":44}},"413":{"start":{"line":789,"column":4},"end":{"line":789,"column":37}},"414":{"start":{"line":790,"column":4},"end":{"line":790,"column":35}},"415":{"start":{"line":792,"column":4},"end":{"line":796,"column":5}},"416":{"start":{"line":793,"column":6},"end":{"line":793,"column":70}},"417":{"start":{"line":793,"column":47},"end":{"line":793,"column":68}},"418":{"start":{"line":795,"column":6},"end":{"line":795,"column":71}},"419":{"start":{"line":795,"column":48},"end":{"line":795,"column":69}},"420":{"start":{"line":798,"column":4},"end":{"line":799,"column":67}},"421":{"start":{"line":800,"column":4},"end":{"line":800,"column":31}},"422":{"start":{"line":802,"column":4},"end":{"line":804,"column":5}},"423":{"start":{"line":803,"column":6},"end":{"line":803,"column":33}},"424":{"start":{"line":808,"column":4},"end":{"line":811,"column":7}},"425":{"start":{"line":809,"column":57},"end":{"line":809,"column":94}},"426":{"start":{"line":810,"column":56},"end":{"line":810,"column":93}},"427":{"start":{"line":812,"column":4},"end":{"line":814,"column":5}},"428":{"start":{"line":813,"column":6},"end":{"line":813,"column":13}},"429":{"start":{"line":816,"column":4},"end":{"line":881,"column":5}},"430":{"start":{"line":817,"column":28},"end":{"line":819,"column":80}},"431":{"start":{"line":818,"column":22},"end":{"line":818,"column":82}},"432":{"start":{"line":819,"column":24},"end":{"line":819,"column":79}},"433":{"start":{"line":821,"column":6},"end":{"line":876,"column":7}},"434":{"start":{"line":822,"column":22},"end":{"line":822,"column":46}},"435":{"start":{"line":823,"column":25},"end":{"line":823,"column":48}},"436":{"start":{"line":825,"column":24},"end":{"line":834,"column":13}},"437":{"start":{"line":826,"column":24},"end":{"line":826,"column":44}},"438":{"start":{"line":827,"column":22},"end":{"line":834,"column":11}},"439":{"start":{"line":836,"column":8},"end":{"line":836,"column":43}},"440":{"start":{"line":836,"column":34},"end":{"line":836,"column":43}},"441":{"start":{"line":838,"column":30},"end":{"line":843,"column":10}},"442":{"start":{"line":839,"column":10},"end":{"line":841,"column":11}},"443":{"start":{"line":840,"column":12},"end":{"line":840,"column":59}},"444":{"start":{"line":842,"column":10},"end":{"line":842,"column":41}},"445":{"start":{"line":845,"column":34},"end":{"line":847,"column":9}},"446":{"start":{"line":846,"column":10},"end":{"line":846,"column":44}},"447":{"start":{"line":849,"column":8},"end":{"line":858,"column":9}},"448":{"start":{"line":850,"column":10},"end":{"line":855,"column":12}},"449":{"start":{"line":856,"column":10},"end":{"line":856,"column":54}},"450":{"start":{"line":856,"column":47},"end":{"line":856,"column":54}},"451":{"start":{"line":857,"column":10},"end":{"line":857,"column":19}},"452":{"start":{"line":860,"column":30},"end":{"line":860,"column":46}},"453":{"start":{"line":861,"column":21},"end":{"line":865,"column":9}},"454":{"start":{"line":867,"column":8},"end":{"line":875,"column":9}},"455":{"start":{"line":868,"column":30},"end":{"line":868,"column":81}},"456":{"start":{"line":869,"column":27},"end":{"line":869,"column":79}},"457":{"start":{"line":871,"column":10},"end":{"line":874,"column":11}},"458":{"start":{"line":872,"column":12},"end":{"line":872,"column":62}},"459":{"start":{"line":873,"column":12},"end":{"line":873,"column":56}},"460":{"start":{"line":873,"column":49},"end":{"line":873,"column":56}},"461":{"start":{"line":878,"column":6},"end":{"line":878,"column":45}},"462":{"start":{"line":880,"column":6},"end":{"line":880,"column":24}},"463":{"start":{"line":885,"column":4},"end":{"line":891,"column":7}},"464":{"start":{"line":886,"column":23},"end":{"line":889,"column":7}},"465":{"start":{"line":890,"column":6},"end":{"line":890,"column":46}},"466":{"start":{"line":895,"column":26},"end":{"line":905,"column":6}},"467":{"start":{"line":896,"column":27},"end":{"line":899,"column":7}},"468":{"start":{"line":900,"column":30},"end":{"line":903,"column":7}},"469":{"start":{"line":904,"column":6},"end":{"line":904,"column":61}},"470":{"start":{"line":907,"column":17},"end":{"line":911,"column":5}},"471":{"start":{"line":913,"column":4},"end":{"line":916,"column":5}},"472":{"start":{"line":914,"column":26},"end":{"line":914,"column":77}},"473":{"start":{"line":915,"column":6},"end":{"line":915,"column":56}},"474":{"start":{"line":920,"column":4},"end":{"line":949,"column":5}},"475":{"start":{"line":921,"column":24},"end":{"line":924,"column":7}},"476":{"start":{"line":926,"column":6},"end":{"line":929,"column":7}},"477":{"start":{"line":927,"column":8},"end":{"line":927,"column":80}},"478":{"start":{"line":928,"column":8},"end":{"line":928,"column":21}},"479":{"start":{"line":931,"column":19},"end":{"line":931,"column":81}},"480":{"start":{"line":932,"column":6},"end":{"line":934,"column":7}},"481":{"start":{"line":933,"column":8},"end":{"line":933,"column":21}},"482":{"start":{"line":936,"column":23},"end":{"line":936,"column":76}},"483":{"start":{"line":937,"column":6},"end":{"line":939,"column":7}},"484":{"start":{"line":938,"column":8},"end":{"line":938,"column":21}},"485":{"start":{"line":941,"column":6},"end":{"line":941,"column":50}},"486":{"start":{"line":942,"column":6},"end":{"line":942,"column":48}},"487":{"start":{"line":943,"column":6},"end":{"line":943,"column":55}},"488":{"start":{"line":944,"column":6},"end":{"line":944,"column":25}},"489":{"start":{"line":945,"column":6},"end":{"line":945,"column":18}},"490":{"start":{"line":947,"column":6},"end":{"line":947,"column":59}},"491":{"start":{"line":948,"column":6},"end":{"line":948,"column":19}},"492":{"start":{"line":953,"column":31},"end":{"line":956,"column":5}},"493":{"start":{"line":958,"column":27},"end":{"line":960,"column":5}},"494":{"start":{"line":959,"column":14},"end":{"line":959,"column":40}},"495":{"start":{"line":962,"column":4},"end":{"line":971,"column":5}},"496":{"start":{"line":963,"column":6},"end":{"line":970,"column":9}},"497":{"start":{"line":965,"column":58},"end":{"line":969,"column":9}},"498":{"start":{"line":973,"column":4},"end":{"line":973,"column":59}}},"fnMap":{"0":{"name":"(anonymous_0)","decl":{"start":{"line":13,"column":2},"end":{"line":13,"column":3}},"loc":{"start":{"line":13,"column":38},"end":{"line":42,"column":3}},"line":13},"1":{"name":"(anonymous_1)","decl":{"start":{"line":44,"column":2},"end":{"line":44,"column":3}},"loc":{"start":{"line":44,"column":29},"end":{"line":73,"column":3}},"line":44},"2":{"name":"(anonymous_2)","decl":{"start":{"line":46,"column":6},"end":{"line":46,"column":7}},"loc":{"start":{"line":46,"column":14},"end":{"line":46,"column":61}},"line":46},"3":{"name":"(anonymous_3)","decl":{"start":{"line":50,"column":6},"end":{"line":50,"column":7}},"loc":{"start":{"line":50,"column":14},"end":{"line":50,"column":61}},"line":50},"4":{"name":"(anonymous_4)","decl":{"start":{"line":75,"column":2},"end":{"line":75,"column":3}},"loc":{"start":{"line":75,"column":20},"end":{"line":104,"column":3}},"line":75},"5":{"name":"(anonymous_5)","decl":{"start":{"line":82,"column":14},"end":{"line":82,"column":15}},"loc":{"start":{"line":82,"column":19},"end":{"line":82,"column":28}},"line":82},"6":{"name":"(anonymous_6)","decl":{"start":{"line":83,"column":15},"end":{"line":83,"column":16}},"loc":{"start":{"line":83,"column":20},"end":{"line":95,"column":7}},"line":83},"7":{"name":"(anonymous_7)","decl":{"start":{"line":106,"column":2},"end":{"line":106,"column":3}},"loc":{"start":{"line":106,"column":19},"end":{"line":110,"column":3}},"line":106},"8":{"name":"(anonymous_8)","decl":{"start":{"line":107,"column":45},"end":{"line":107,"column":46}},"loc":{"start":{"line":107,"column":62},"end":{"line":109,"column":5}},"line":107},"9":{"name":"(anonymous_9)","decl":{"start":{"line":112,"column":2},"end":{"line":112,"column":3}},"loc":{"start":{"line":112,"column":24},"end":{"line":115,"column":3}},"line":112},"10":{"name":"(anonymous_10)","decl":{"start":{"line":117,"column":2},"end":{"line":117,"column":3}},"loc":{"start":{"line":117,"column":13},"end":{"line":121,"column":3}},"line":117},"11":{"name":"(anonymous_11)","decl":{"start":{"line":123,"column":2},"end":{"line":123,"column":3}},"loc":{"start":{"line":123,"column":16},"end":{"line":125,"column":3}},"line":123},"12":{"name":"(anonymous_12)","decl":{"start":{"line":127,"column":2},"end":{"line":127,"column":3}},"loc":{"start":{"line":127,"column":13},"end":{"line":143,"column":3}},"line":127},"13":{"name":"(anonymous_13)","decl":{"start":{"line":145,"column":2},"end":{"line":145,"column":3}},"loc":{"start":{"line":145,"column":19},"end":{"line":233,"column":3}},"line":145},"14":{"name":"(anonymous_14)","decl":{"start":{"line":150,"column":26},"end":{"line":150,"column":27}},"loc":{"start":{"line":150,"column":43},"end":{"line":167,"column":7}},"line":150},"15":{"name":"(anonymous_15)","decl":{"start":{"line":152,"column":46},"end":{"line":152,"column":47}},"loc":{"start":{"line":152,"column":58},"end":{"line":165,"column":9}},"line":152},"16":{"name":"(anonymous_16)","decl":{"start":{"line":153,"column":39},"end":{"line":153,"column":40}},"loc":{"start":{"line":153,"column":44},"end":{"line":153,"column":82}},"line":153},"17":{"name":"(anonymous_17)","decl":{"start":{"line":158,"column":40},"end":{"line":158,"column":41}},"loc":{"start":{"line":158,"column":47},"end":{"line":162,"column":11}},"line":158},"18":{"name":"(anonymous_18)","decl":{"start":{"line":169,"column":40},"end":{"line":169,"column":41}},"loc":{"start":{"line":169,"column":55},"end":{"line":178,"column":7}},"line":169},"19":{"name":"(anonymous_19)","decl":{"start":{"line":171,"column":10},"end":{"line":171,"column":11}},"loc":{"start":{"line":171,"column":15},"end":{"line":171,"column":54}},"line":171},"20":{"name":"(anonymous_20)","decl":{"start":{"line":191,"column":32},"end":{"line":191,"column":33}},"loc":{"start":{"line":191,"column":54},"end":{"line":199,"column":7}},"line":191},"21":{"name":"(anonymous_21)","decl":{"start":{"line":192,"column":30},"end":{"line":192,"column":31}},"loc":{"start":{"line":192,"column":36},"end":{"line":198,"column":9}},"line":192},"22":{"name":"(anonymous_22)","decl":{"start":{"line":193,"column":46},"end":{"line":193,"column":47}},"loc":{"start":{"line":194,"column":12},"end":{"line":195,"column":42}},"line":194},"23":{"name":"(anonymous_23)","decl":{"start":{"line":214,"column":39},"end":{"line":214,"column":40}},"loc":{"start":{"line":214,"column":45},"end":{"line":214,"column":59}},"line":214},"24":{"name":"(anonymous_24)","decl":{"start":{"line":215,"column":40},"end":{"line":215,"column":41}},"loc":{"start":{"line":215,"column":46},"end":{"line":215,"column":61}},"line":215},"25":{"name":"(anonymous_25)","decl":{"start":{"line":216,"column":40},"end":{"line":216,"column":41}},"loc":{"start":{"line":216,"column":46},"end":{"line":216,"column":61}},"line":216},"26":{"name":"(anonymous_26)","decl":{"start":{"line":235,"column":2},"end":{"line":235,"column":3}},"loc":{"start":{"line":235,"column":9},"end":{"line":257,"column":3}},"line":235},"27":{"name":"(anonymous_27)","decl":{"start":{"line":243,"column":39},"end":{"line":243,"column":40}},"loc":{"start":{"line":243,"column":45},"end":{"line":243,"column":59}},"line":243},"28":{"name":"(anonymous_28)","decl":{"start":{"line":244,"column":40},"end":{"line":244,"column":41}},"loc":{"start":{"line":244,"column":46},"end":{"line":244,"column":61}},"line":244},"29":{"name":"(anonymous_29)","decl":{"start":{"line":245,"column":40},"end":{"line":245,"column":41}},"loc":{"start":{"line":245,"column":46},"end":{"line":245,"column":61}},"line":245},"30":{"name":"(anonymous_30)","decl":{"start":{"line":247,"column":32},"end":{"line":247,"column":33}},"loc":{"start":{"line":247,"column":48},"end":{"line":249,"column":7}},"line":247},"31":{"name":"(anonymous_31)","decl":{"start":{"line":259,"column":2},"end":{"line":259,"column":3}},"loc":{"start":{"line":259,"column":12},"end":{"line":269,"column":3}},"line":259},"32":{"name":"(anonymous_32)","decl":{"start":{"line":271,"column":2},"end":{"line":271,"column":3}},"loc":{"start":{"line":271,"column":32},"end":{"line":278,"column":3}},"line":271},"33":{"name":"(anonymous_33)","decl":{"start":{"line":272,"column":39},"end":{"line":272,"column":40}},"loc":{"start":{"line":272,"column":46},"end":{"line":274,"column":5}},"line":272},"34":{"name":"(anonymous_34)","decl":{"start":{"line":275,"column":38},"end":{"line":275,"column":39}},"loc":{"start":{"line":275,"column":45},"end":{"line":277,"column":5}},"line":275},"35":{"name":"(anonymous_35)","decl":{"start":{"line":280,"column":2},"end":{"line":280,"column":3}},"loc":{"start":{"line":280,"column":18},"end":{"line":297,"column":3}},"line":280},"36":{"name":"(anonymous_36)","decl":{"start":{"line":299,"column":2},"end":{"line":299,"column":3}},"loc":{"start":{"line":299,"column":49},"end":{"line":323,"column":3}},"line":299},"37":{"name":"(anonymous_37)","decl":{"start":{"line":308,"column":26},"end":{"line":308,"column":27}},"loc":{"start":{"line":308,"column":41},"end":{"line":322,"column":5}},"line":308},"38":{"name":"(anonymous_38)","decl":{"start":{"line":310,"column":17},"end":{"line":310,"column":18}},"loc":{"start":{"line":311,"column":10},"end":{"line":311,"column":78}},"line":311},"39":{"name":"(anonymous_39)","decl":{"start":{"line":311,"column":44},"end":{"line":311,"column":45}},"loc":{"start":{"line":311,"column":56},"end":{"line":311,"column":77}},"line":311},"40":{"name":"(anonymous_40)","decl":{"start":{"line":313,"column":16},"end":{"line":313,"column":17}},"loc":{"start":{"line":313,"column":25},"end":{"line":313,"column":48}},"line":313},"41":{"name":"(anonymous_41)","decl":{"start":{"line":325,"column":2},"end":{"line":325,"column":3}},"loc":{"start":{"line":325,"column":16},"end":{"line":331,"column":3}},"line":325},"42":{"name":"(anonymous_42)","decl":{"start":{"line":333,"column":2},"end":{"line":333,"column":3}},"loc":{"start":{"line":333,"column":24},"end":{"line":341,"column":3}},"line":333},"43":{"name":"(anonymous_43)","decl":{"start":{"line":343,"column":2},"end":{"line":343,"column":3}},"loc":{"start":{"line":343,"column":24},"end":{"line":354,"column":3}},"line":343},"44":{"name":"(anonymous_44)","decl":{"start":{"line":356,"column":2},"end":{"line":356,"column":3}},"loc":{"start":{"line":356,"column":21},"end":{"line":385,"column":3}},"line":356},"45":{"name":"(anonymous_45)","decl":{"start":{"line":387,"column":2},"end":{"line":387,"column":3}},"loc":{"start":{"line":387,"column":21},"end":{"line":410,"column":3}},"line":387},"46":{"name":"(anonymous_46)","decl":{"start":{"line":392,"column":41},"end":{"line":392,"column":42}},"loc":{"start":{"line":392,"column":47},"end":{"line":392,"column":68}},"line":392},"47":{"name":"(anonymous_47)","decl":{"start":{"line":412,"column":2},"end":{"line":412,"column":3}},"loc":{"start":{"line":412,"column":21},"end":{"line":415,"column":3}},"line":412},"48":{"name":"(anonymous_48)","decl":{"start":{"line":417,"column":2},"end":{"line":417,"column":3}},"loc":{"start":{"line":417,"column":21},"end":{"line":422,"column":3}},"line":417},"49":{"name":"(anonymous_49)","decl":{"start":{"line":421,"column":13},"end":{"line":421,"column":14}},"loc":{"start":{"line":421,"column":19},"end":{"line":421,"column":39}},"line":421},"50":{"name":"(anonymous_50)","decl":{"start":{"line":424,"column":2},"end":{"line":424,"column":3}},"loc":{"start":{"line":424,"column":39},"end":{"line":434,"column":3}},"line":424},"51":{"name":"(anonymous_51)","decl":{"start":{"line":436,"column":2},"end":{"line":436,"column":3}},"loc":{"start":{"line":436,"column":27},"end":{"line":442,"column":3}},"line":436},"52":{"name":"(anonymous_52)","decl":{"start":{"line":444,"column":2},"end":{"line":444,"column":3}},"loc":{"start":{"line":444,"column":42},"end":{"line":474,"column":3}},"line":444},"53":{"name":"(anonymous_53)","decl":{"start":{"line":476,"column":2},"end":{"line":476,"column":3}},"loc":{"start":{"line":476,"column":51},"end":{"line":490,"column":3}},"line":476},"54":{"name":"(anonymous_54)","decl":{"start":{"line":492,"column":2},"end":{"line":492,"column":3}},"loc":{"start":{"line":492,"column":49},"end":{"line":524,"column":3}},"line":492},"55":{"name":"(anonymous_55)","decl":{"start":{"line":526,"column":2},"end":{"line":526,"column":3}},"loc":{"start":{"line":526,"column":41},"end":{"line":538,"column":3}},"line":526},"56":{"name":"(anonymous_56)","decl":{"start":{"line":534,"column":24},"end":{"line":534,"column":25}},"loc":{"start":{"line":534,"column":37},"end":{"line":534,"column":61}},"line":534},"57":{"name":"(anonymous_57)","decl":{"start":{"line":540,"column":2},"end":{"line":540,"column":3}},"loc":{"start":{"line":540,"column":50},"end":{"line":563,"column":3}},"line":540},"58":{"name":"(anonymous_58)","decl":{"start":{"line":545,"column":8},"end":{"line":545,"column":9}},"loc":{"start":{"line":545,"column":16},"end":{"line":547,"column":14}},"line":545},"59":{"name":"(anonymous_59)","decl":{"start":{"line":551,"column":8},"end":{"line":551,"column":9}},"loc":{"start":{"line":551,"column":16},"end":{"line":553,"column":14}},"line":551},"60":{"name":"(anonymous_60)","decl":{"start":{"line":565,"column":2},"end":{"line":565,"column":3}},"loc":{"start":{"line":565,"column":48},"end":{"line":585,"column":3}},"line":565},"61":{"name":"(anonymous_61)","decl":{"start":{"line":571,"column":16},"end":{"line":571,"column":17}},"loc":{"start":{"line":572,"column":10},"end":{"line":572,"column":69}},"line":572},"62":{"name":"(anonymous_62)","decl":{"start":{"line":579,"column":16},"end":{"line":579,"column":17}},"loc":{"start":{"line":580,"column":10},"end":{"line":580,"column":73}},"line":580},"63":{"name":"(anonymous_63)","decl":{"start":{"line":587,"column":2},"end":{"line":587,"column":3}},"loc":{"start":{"line":587,"column":30},"end":{"line":598,"column":3}},"line":587},"64":{"name":"(anonymous_64)","decl":{"start":{"line":593,"column":16},"end":{"line":593,"column":17}},"loc":{"start":{"line":593,"column":22},"end":{"line":593,"column":65}},"line":593},"65":{"name":"(anonymous_65)","decl":{"start":{"line":600,"column":2},"end":{"line":600,"column":3}},"loc":{"start":{"line":600,"column":39},"end":{"line":623,"column":3}},"line":600},"66":{"name":"(anonymous_66)","decl":{"start":{"line":625,"column":2},"end":{"line":625,"column":3}},"loc":{"start":{"line":625,"column":41},"end":{"line":649,"column":3}},"line":625},"67":{"name":"(anonymous_67)","decl":{"start":{"line":651,"column":2},"end":{"line":651,"column":3}},"loc":{"start":{"line":651,"column":24},"end":{"line":678,"column":3}},"line":651},"68":{"name":"(anonymous_68)","decl":{"start":{"line":669,"column":59},"end":{"line":669,"column":60}},"loc":{"start":{"line":670,"column":8},"end":{"line":670,"column":46}},"line":670},"69":{"name":"(anonymous_69)","decl":{"start":{"line":677,"column":14},"end":{"line":677,"column":15}},"loc":{"start":{"line":677,"column":23},"end":{"line":677,"column":59}},"line":677},"70":{"name":"(anonymous_70)","decl":{"start":{"line":680,"column":2},"end":{"line":680,"column":3}},"loc":{"start":{"line":680,"column":65},"end":{"line":733,"column":3}},"line":680},"71":{"name":"(anonymous_71)","decl":{"start":{"line":735,"column":2},"end":{"line":735,"column":3}},"loc":{"start":{"line":735,"column":34},"end":{"line":743,"column":3}},"line":735},"72":{"name":"(anonymous_72)","decl":{"start":{"line":745,"column":2},"end":{"line":745,"column":3}},"loc":{"start":{"line":745,"column":28},"end":{"line":760,"column":3}},"line":745},"73":{"name":"(anonymous_73)","decl":{"start":{"line":762,"column":2},"end":{"line":762,"column":3}},"loc":{"start":{"line":762,"column":25},"end":{"line":768,"column":3}},"line":762},"74":{"name":"(anonymous_74)","decl":{"start":{"line":770,"column":2},"end":{"line":770,"column":3}},"loc":{"start":{"line":770,"column":30},"end":{"line":780,"column":3}},"line":770},"75":{"name":"(anonymous_75)","decl":{"start":{"line":775,"column":39},"end":{"line":775,"column":40}},"loc":{"start":{"line":775,"column":49},"end":{"line":777,"column":5}},"line":775},"76":{"name":"(anonymous_76)","decl":{"start":{"line":782,"column":2},"end":{"line":782,"column":3}},"loc":{"start":{"line":782,"column":17},"end":{"line":786,"column":3}},"line":782},"77":{"name":"(anonymous_77)","decl":{"start":{"line":784,"column":14},"end":{"line":784,"column":15}},"loc":{"start":{"line":784,"column":19},"end":{"line":784,"column":28}},"line":784},"78":{"name":"(anonymous_78)","decl":{"start":{"line":785,"column":13},"end":{"line":785,"column":14}},"loc":{"start":{"line":785,"column":18},"end":{"line":785,"column":44}},"line":785},"79":{"name":"(anonymous_79)","decl":{"start":{"line":788,"column":2},"end":{"line":788,"column":3}},"loc":{"start":{"line":788,"column":21},"end":{"line":805,"column":3}},"line":788},"80":{"name":"(anonymous_80)","decl":{"start":{"line":793,"column":40},"end":{"line":793,"column":41}},"loc":{"start":{"line":793,"column":47},"end":{"line":793,"column":68}},"line":793},"81":{"name":"(anonymous_81)","decl":{"start":{"line":795,"column":41},"end":{"line":795,"column":42}},"loc":{"start":{"line":795,"column":48},"end":{"line":795,"column":69}},"line":795},"82":{"name":"(anonymous_82)","decl":{"start":{"line":807,"column":2},"end":{"line":807,"column":3}},"loc":{"start":{"line":807,"column":24},"end":{"line":882,"column":3}},"line":807},"83":{"name":"(anonymous_83)","decl":{"start":{"line":809,"column":51},"end":{"line":809,"column":52}},"loc":{"start":{"line":809,"column":57},"end":{"line":809,"column":94}},"line":809},"84":{"name":"(anonymous_84)","decl":{"start":{"line":810,"column":50},"end":{"line":810,"column":51}},"loc":{"start":{"line":810,"column":56},"end":{"line":810,"column":93}},"line":810},"85":{"name":"(anonymous_85)","decl":{"start":{"line":818,"column":16},"end":{"line":818,"column":17}},"loc":{"start":{"line":818,"column":22},"end":{"line":818,"column":82}},"line":818},"86":{"name":"(anonymous_86)","decl":{"start":{"line":819,"column":14},"end":{"line":819,"column":15}},"loc":{"start":{"line":819,"column":24},"end":{"line":819,"column":79}},"line":819},"87":{"name":"(anonymous_87)","decl":{"start":{"line":826,"column":18},"end":{"line":826,"column":19}},"loc":{"start":{"line":826,"column":24},"end":{"line":826,"column":44}},"line":826},"88":{"name":"(anonymous_88)","decl":{"start":{"line":827,"column":15},"end":{"line":827,"column":16}},"loc":{"start":{"line":827,"column":22},"end":{"line":834,"column":11}},"line":827},"89":{"name":"(anonymous_89)","decl":{"start":{"line":838,"column":43},"end":{"line":838,"column":44}},"loc":{"start":{"line":838,"column":53},"end":{"line":843,"column":9}},"line":838},"90":{"name":"(anonymous_90)","decl":{"start":{"line":845,"column":55},"end":{"line":845,"column":56}},"loc":{"start":{"line":846,"column":10},"end":{"line":846,"column":44}},"line":846},"91":{"name":"(anonymous_91)","decl":{"start":{"line":884,"column":2},"end":{"line":884,"column":3}},"loc":{"start":{"line":884,"column":49},"end":{"line":892,"column":3}},"line":884},"92":{"name":"(anonymous_92)","decl":{"start":{"line":885,"column":30},"end":{"line":885,"column":31}},"loc":{"start":{"line":885,"column":46},"end":{"line":891,"column":5}},"line":885},"93":{"name":"(anonymous_93)","decl":{"start":{"line":894,"column":2},"end":{"line":894,"column":3}},"loc":{"start":{"line":894,"column":63},"end":{"line":917,"column":3}},"line":894},"94":{"name":"(anonymous_94)","decl":{"start":{"line":895,"column":45},"end":{"line":895,"column":46}},"loc":{"start":{"line":895,"column":64},"end":{"line":905,"column":5}},"line":895},"95":{"name":"(anonymous_95)","decl":{"start":{"line":919,"column":2},"end":{"line":919,"column":3}},"loc":{"start":{"line":919,"column":47},"end":{"line":950,"column":3}},"line":919},"96":{"name":"(anonymous_96)","decl":{"start":{"line":952,"column":2},"end":{"line":952,"column":3}},"loc":{"start":{"line":952,"column":59},"end":{"line":974,"column":3}},"line":952},"97":{"name":"(anonymous_97)","decl":{"start":{"line":959,"column":6},"end":{"line":959,"column":7}},"loc":{"start":{"line":959,"column":14},"end":{"line":959,"column":40}},"line":959},"98":{"name":"(anonymous_98)","decl":{"start":{"line":965,"column":51},"end":{"line":965,"column":52}},"loc":{"start":{"line":965,"column":58},"end":{"line":969,"column":9}},"line":965}},"branchMap":{"0":{"loc":{"start":{"line":15,"column":24},"end":{"line":15,"column":89}},"type":"binary-expr","locations":[{"start":{"line":15,"column":24},"end":{"line":15,"column":36}},{"start":{"line":15,"column":40},"end":{"line":15,"column":89}}],"line":15},"1":{"loc":{"start":{"line":46,"column":14},"end":{"line":46,"column":61}},"type":"binary-expr","locations":[{"start":{"line":46,"column":14},"end":{"line":46,"column":33}},{"start":{"line":46,"column":37},"end":{"line":46,"column":61}}],"line":46},"2":{"loc":{"start":{"line":50,"column":14},"end":{"line":50,"column":61}},"type":"binary-expr","locations":[{"start":{"line":50,"column":14},"end":{"line":50,"column":33}},{"start":{"line":50,"column":37},"end":{"line":50,"column":61}}],"line":50},"3":{"loc":{"start":{"line":53,"column":4},"end":{"line":64,"column":5}},"type":"if","locations":[{"start":{"line":53,"column":4},"end":{"line":64,"column":5}},{"start":{},"end":{}}],"line":53},"4":{"loc":{"start":{"line":57,"column":6},"end":{"line":62,"column":7}},"type":"if","locations":[{"start":{"line":57,"column":6},"end":{"line":62,"column":7}},{"start":{"line":59,"column":13},"end":{"line":62,"column":7}}],"line":57},"5":{"loc":{"start":{"line":66,"column":4},"end":{"line":70,"column":5}},"type":"if","locations":[{"start":{"line":66,"column":4},"end":{"line":70,"column":5}},{"start":{},"end":{}}],"line":66},"6":{"loc":{"start":{"line":88,"column":8},"end":{"line":92,"column":9}},"type":"if","locations":[{"start":{"line":88,"column":8},"end":{"line":92,"column":9}},{"start":{"line":90,"column":15},"end":{"line":92,"column":9}}],"line":88},"7":{"loc":{"start":{"line":90,"column":15},"end":{"line":92,"column":9}},"type":"if","locations":[{"start":{"line":90,"column":15},"end":{"line":92,"column":9}},{"start":{},"end":{}}],"line":90},"8":{"loc":{"start":{"line":151,"column":8},"end":{"line":151,"column":51}},"type":"if","locations":[{"start":{"line":151,"column":8},"end":{"line":151,"column":51}},{"start":{},"end":{}}],"line":151},"9":{"loc":{"start":{"line":151,"column":12},"end":{"line":151,"column":37}},"type":"binary-expr","locations":[{"start":{"line":151,"column":12},"end":{"line":151,"column":17}},{"start":{"line":151,"column":21},"end":{"line":151,"column":37}}],"line":151},"10":{"loc":{"start":{"line":154,"column":10},"end":{"line":154,"column":42}},"type":"if","locations":[{"start":{"line":154,"column":10},"end":{"line":154,"column":42}},{"start":{},"end":{}}],"line":154},"11":{"loc":{"start":{"line":159,"column":12},"end":{"line":161,"column":13}},"type":"if","locations":[{"start":{"line":159,"column":12},"end":{"line":161,"column":13}},{"start":{},"end":{}}],"line":159},"12":{"loc":{"start":{"line":159,"column":16},"end":{"line":159,"column":55}},"type":"binary-expr","locations":[{"start":{"line":159,"column":16},"end":{"line":159,"column":33}},{"start":{"line":159,"column":37},"end":{"line":159,"column":55}}],"line":159},"13":{"loc":{"start":{"line":173,"column":8},"end":{"line":177,"column":9}},"type":"if","locations":[{"start":{"line":173,"column":8},"end":{"line":177,"column":9}},{"start":{},"end":{}}],"line":173},"14":{"loc":{"start":{"line":193,"column":23},"end":{"line":196,"column":27}},"type":"binary-expr","locations":[{"start":{"line":193,"column":23},"end":{"line":196,"column":11}},{"start":{"line":196,"column":15},"end":{"line":196,"column":27}}],"line":193},"15":{"loc":{"start":{"line":194,"column":12},"end":{"line":195,"column":42}},"type":"binary-expr","locations":[{"start":{"line":194,"column":12},"end":{"line":194,"column":40}},{"start":{"line":195,"column":12},"end":{"line":195,"column":42}}],"line":194},"16":{"loc":{"start":{"line":273,"column":6},"end":{"line":273,"column":43}},"type":"if","locations":[{"start":{"line":273,"column":6},"end":{"line":273,"column":43}},{"start":{},"end":{}}],"line":273},"17":{"loc":{"start":{"line":276,"column":6},"end":{"line":276,"column":43}},"type":"if","locations":[{"start":{"line":276,"column":6},"end":{"line":276,"column":43}},{"start":{},"end":{}}],"line":276},"18":{"loc":{"start":{"line":304,"column":4},"end":{"line":306,"column":5}},"type":"if","locations":[{"start":{"line":304,"column":4},"end":{"line":306,"column":5}},{"start":{},"end":{}}],"line":304},"19":{"loc":{"start":{"line":345,"column":4},"end":{"line":345,"column":29}},"type":"if","locations":[{"start":{"line":345,"column":4},"end":{"line":345,"column":29}},{"start":{},"end":{}}],"line":345},"20":{"loc":{"start":{"line":347,"column":4},"end":{"line":353,"column":5}},"type":"if","locations":[{"start":{"line":347,"column":4},"end":{"line":353,"column":5}},{"start":{"line":350,"column":11},"end":{"line":353,"column":5}}],"line":347},"21":{"loc":{"start":{"line":357,"column":4},"end":{"line":360,"column":5}},"type":"if","locations":[{"start":{"line":357,"column":4},"end":{"line":360,"column":5}},{"start":{},"end":{}}],"line":357},"22":{"loc":{"start":{"line":365,"column":4},"end":{"line":374,"column":5}},"type":"if","locations":[{"start":{"line":365,"column":4},"end":{"line":374,"column":5}},{"start":{"line":367,"column":11},"end":{"line":374,"column":5}}],"line":365},"23":{"loc":{"start":{"line":376,"column":4},"end":{"line":384,"column":5}},"type":"if","locations":[{"start":{"line":376,"column":4},"end":{"line":384,"column":5}},{"start":{"line":382,"column":11},"end":{"line":384,"column":5}}],"line":376},"24":{"loc":{"start":{"line":377,"column":6},"end":{"line":381,"column":7}},"type":"if","locations":[{"start":{"line":377,"column":6},"end":{"line":381,"column":7}},{"start":{"line":379,"column":13},"end":{"line":381,"column":7}}],"line":377},"25":{"loc":{"start":{"line":379,"column":13},"end":{"line":381,"column":7}},"type":"if","locations":[{"start":{"line":379,"column":13},"end":{"line":381,"column":7}},{"start":{},"end":{}}],"line":379},"26":{"loc":{"start":{"line":382,"column":11},"end":{"line":384,"column":5}},"type":"if","locations":[{"start":{"line":382,"column":11},"end":{"line":384,"column":5}},{"start":{},"end":{}}],"line":382},"27":{"loc":{"start":{"line":394,"column":4},"end":{"line":409,"column":5}},"type":"if","locations":[{"start":{"line":394,"column":4},"end":{"line":409,"column":5}},{"start":{"line":406,"column":11},"end":{"line":409,"column":5}}],"line":394},"28":{"loc":{"start":{"line":395,"column":21},"end":{"line":395,"column":80}},"type":"cond-expr","locations":[{"start":{"line":395,"column":55},"end":{"line":395,"column":68}},{"start":{"line":395,"column":71},"end":{"line":395,"column":80}}],"line":395},"29":{"loc":{"start":{"line":398,"column":6},"end":{"line":405,"column":7}},"type":"if","locations":[{"start":{"line":398,"column":6},"end":{"line":405,"column":7}},{"start":{"line":403,"column":13},"end":{"line":405,"column":7}}],"line":398},"30":{"loc":{"start":{"line":437,"column":4},"end":{"line":437,"column":40}},"type":"if","locations":[{"start":{"line":437,"column":4},"end":{"line":437,"column":40}},{"start":{},"end":{}}],"line":437},"31":{"loc":{"start":{"line":448,"column":4},"end":{"line":453,"column":5}},"type":"if","locations":[{"start":{"line":448,"column":4},"end":{"line":453,"column":5}},{"start":{},"end":{}}],"line":448},"32":{"loc":{"start":{"line":448,"column":8},"end":{"line":448,"column":40}},"type":"binary-expr","locations":[{"start":{"line":448,"column":8},"end":{"line":448,"column":13}},{"start":{"line":448,"column":17},"end":{"line":448,"column":40}}],"line":448},"33":{"loc":{"start":{"line":456,"column":4},"end":{"line":459,"column":5}},"type":"if","locations":[{"start":{"line":456,"column":4},"end":{"line":459,"column":5}},{"start":{},"end":{}}],"line":456},"34":{"loc":{"start":{"line":470,"column":4},"end":{"line":472,"column":5}},"type":"if","locations":[{"start":{"line":470,"column":4},"end":{"line":472,"column":5}},{"start":{},"end":{}}],"line":470},"35":{"loc":{"start":{"line":482,"column":23},"end":{"line":482,"column":39}},"type":"binary-expr","locations":[{"start":{"line":482,"column":23},"end":{"line":482,"column":29}},{"start":{"line":482,"column":33},"end":{"line":482,"column":39}}],"line":482},"36":{"loc":{"start":{"line":485,"column":4},"end":{"line":487,"column":5}},"type":"if","locations":[{"start":{"line":485,"column":4},"end":{"line":487,"column":5}},{"start":{},"end":{}}],"line":485},"37":{"loc":{"start":{"line":485,"column":8},"end":{"line":485,"column":68}},"type":"binary-expr","locations":[{"start":{"line":485,"column":8},"end":{"line":485,"column":37}},{"start":{"line":485,"column":41},"end":{"line":485,"column":68}}],"line":485},"38":{"loc":{"start":{"line":486,"column":22},"end":{"line":486,"column":40}},"type":"cond-expr","locations":[{"start":{"line":486,"column":35},"end":{"line":486,"column":36}},{"start":{"line":486,"column":39},"end":{"line":486,"column":40}}],"line":486},"39":{"loc":{"start":{"line":489,"column":20},"end":{"line":489,"column":38}},"type":"cond-expr","locations":[{"start":{"line":489,"column":33},"end":{"line":489,"column":34}},{"start":{"line":489,"column":37},"end":{"line":489,"column":38}}],"line":489},"40":{"loc":{"start":{"line":493,"column":4},"end":{"line":493,"column":50}},"type":"if","locations":[{"start":{"line":493,"column":4},"end":{"line":493,"column":50}},{"start":{},"end":{}}],"line":493},"41":{"loc":{"start":{"line":503,"column":11},"end":{"line":503,"column":88}},"type":"binary-expr","locations":[{"start":{"line":503,"column":11},"end":{"line":503,"column":30}},{"start":{"line":503,"column":35},"end":{"line":503,"column":59}},{"start":{"line":503,"column":63},"end":{"line":503,"column":87}}],"line":503},"42":{"loc":{"start":{"line":504,"column":6},"end":{"line":505,"column":54}},"type":"if","locations":[{"start":{"line":504,"column":6},"end":{"line":505,"column":54}},{"start":{"line":505,"column":11},"end":{"line":505,"column":54}}],"line":504},"43":{"loc":{"start":{"line":505,"column":11},"end":{"line":505,"column":54}},"type":"if","locations":[{"start":{"line":505,"column":11},"end":{"line":505,"column":54}},{"start":{},"end":{}}],"line":505},"44":{"loc":{"start":{"line":507,"column":6},"end":{"line":508,"column":54}},"type":"if","locations":[{"start":{"line":507,"column":6},"end":{"line":508,"column":54}},{"start":{"line":508,"column":11},"end":{"line":508,"column":54}}],"line":507},"45":{"loc":{"start":{"line":508,"column":11},"end":{"line":508,"column":54}},"type":"if","locations":[{"start":{"line":508,"column":11},"end":{"line":508,"column":54}},{"start":{},"end":{}}],"line":508},"46":{"loc":{"start":{"line":517,"column":6},"end":{"line":517,"column":27}},"type":"if","locations":[{"start":{"line":517,"column":6},"end":{"line":517,"column":27}},{"start":{},"end":{}}],"line":517},"47":{"loc":{"start":{"line":543,"column":4},"end":{"line":555,"column":5}},"type":"if","locations":[{"start":{"line":543,"column":4},"end":{"line":555,"column":5}},{"start":{"line":549,"column":11},"end":{"line":555,"column":5}}],"line":543},"48":{"loc":{"start":{"line":545,"column":16},"end":{"line":547,"column":14}},"type":"cond-expr","locations":[{"start":{"line":546,"column":12},"end":{"line":546,"column":59}},{"start":{"line":547,"column":12},"end":{"line":547,"column":14}}],"line":545},"49":{"loc":{"start":{"line":551,"column":16},"end":{"line":553,"column":14}},"type":"cond-expr","locations":[{"start":{"line":552,"column":12},"end":{"line":552,"column":59}},{"start":{"line":553,"column":12},"end":{"line":553,"column":14}}],"line":551},"50":{"loc":{"start":{"line":568,"column":4},"end":{"line":574,"column":5}},"type":"if","locations":[{"start":{"line":568,"column":4},"end":{"line":574,"column":5}},{"start":{},"end":{}}],"line":568},"51":{"loc":{"start":{"line":576,"column":4},"end":{"line":582,"column":5}},"type":"if","locations":[{"start":{"line":576,"column":4},"end":{"line":582,"column":5}},{"start":{},"end":{}}],"line":576},"52":{"loc":{"start":{"line":588,"column":4},"end":{"line":588,"column":61}},"type":"if","locations":[{"start":{"line":588,"column":4},"end":{"line":588,"column":61}},{"start":{},"end":{}}],"line":588},"53":{"loc":{"start":{"line":610,"column":8},"end":{"line":618,"column":9}},"type":"if","locations":[{"start":{"line":610,"column":8},"end":{"line":618,"column":9}},{"start":{},"end":{}}],"line":610},"54":{"loc":{"start":{"line":610,"column":12},"end":{"line":610,"column":61}},"type":"binary-expr","locations":[{"start":{"line":610,"column":12},"end":{"line":610,"column":41}},{"start":{"line":610,"column":45},"end":{"line":610,"column":61}}],"line":610},"55":{"loc":{"start":{"line":615,"column":10},"end":{"line":617,"column":11}},"type":"if","locations":[{"start":{"line":615,"column":10},"end":{"line":617,"column":11}},{"start":{},"end":{}}],"line":615},"56":{"loc":{"start":{"line":629,"column":6},"end":{"line":631,"column":41}},"type":"cond-expr","locations":[{"start":{"line":630,"column":10},"end":{"line":630,"column":40}},{"start":{"line":631,"column":10},"end":{"line":631,"column":41}}],"line":629},"57":{"loc":{"start":{"line":639,"column":8},"end":{"line":644,"column":9}},"type":"if","locations":[{"start":{"line":639,"column":8},"end":{"line":644,"column":9}},{"start":{},"end":{}}],"line":639},"58":{"loc":{"start":{"line":639,"column":12},"end":{"line":639,"column":74}},"type":"binary-expr","locations":[{"start":{"line":639,"column":12},"end":{"line":639,"column":31}},{"start":{"line":639,"column":35},"end":{"line":639,"column":54}},{"start":{"line":639,"column":58},"end":{"line":639,"column":74}}],"line":639},"59":{"loc":{"start":{"line":641,"column":10},"end":{"line":643,"column":11}},"type":"if","locations":[{"start":{"line":641,"column":10},"end":{"line":643,"column":11}},{"start":{},"end":{}}],"line":641},"60":{"loc":{"start":{"line":652,"column":4},"end":{"line":652,"column":40}},"type":"if","locations":[{"start":{"line":652,"column":4},"end":{"line":652,"column":40}},{"start":{},"end":{}}],"line":652},"61":{"loc":{"start":{"line":659,"column":4},"end":{"line":659,"column":34}},"type":"if","locations":[{"start":{"line":659,"column":4},"end":{"line":659,"column":34}},{"start":{},"end":{}}],"line":659},"62":{"loc":{"start":{"line":668,"column":4},"end":{"line":672,"column":5}},"type":"if","locations":[{"start":{"line":668,"column":4},"end":{"line":672,"column":5}},{"start":{},"end":{}}],"line":668},"63":{"loc":{"start":{"line":681,"column":4},"end":{"line":684,"column":5}},"type":"if","locations":[{"start":{"line":681,"column":4},"end":{"line":684,"column":5}},{"start":{},"end":{}}],"line":681},"64":{"loc":{"start":{"line":691,"column":4},"end":{"line":695,"column":5}},"type":"if","locations":[{"start":{"line":691,"column":4},"end":{"line":695,"column":5}},{"start":{},"end":{}}],"line":691},"65":{"loc":{"start":{"line":702,"column":4},"end":{"line":707,"column":5}},"type":"if","locations":[{"start":{"line":702,"column":4},"end":{"line":707,"column":5}},{"start":{},"end":{}}],"line":702},"66":{"loc":{"start":{"line":703,"column":6},"end":{"line":705,"column":7}},"type":"if","locations":[{"start":{"line":703,"column":6},"end":{"line":705,"column":7}},{"start":{},"end":{}}],"line":703},"67":{"loc":{"start":{"line":709,"column":17},"end":{"line":709,"column":48}},"type":"cond-expr","locations":[{"start":{"line":709,"column":43},"end":{"line":709,"column":44}},{"start":{"line":709,"column":47},"end":{"line":709,"column":48}}],"line":709},"68":{"loc":{"start":{"line":710,"column":4},"end":{"line":713,"column":5}},"type":"if","locations":[{"start":{"line":710,"column":4},"end":{"line":713,"column":5}},{"start":{},"end":{}}],"line":710},"69":{"loc":{"start":{"line":726,"column":4},"end":{"line":728,"column":5}},"type":"if","locations":[{"start":{"line":726,"column":4},"end":{"line":728,"column":5}},{"start":{},"end":{}}],"line":726},"70":{"loc":{"start":{"line":730,"column":4},"end":{"line":732,"column":5}},"type":"if","locations":[{"start":{"line":730,"column":4},"end":{"line":732,"column":5}},{"start":{},"end":{}}],"line":730},"71":{"loc":{"start":{"line":740,"column":4},"end":{"line":742,"column":5}},"type":"if","locations":[{"start":{"line":740,"column":4},"end":{"line":742,"column":5}},{"start":{},"end":{}}],"line":740},"72":{"loc":{"start":{"line":757,"column":4},"end":{"line":759,"column":5}},"type":"if","locations":[{"start":{"line":757,"column":4},"end":{"line":759,"column":5}},{"start":{},"end":{}}],"line":757},"73":{"loc":{"start":{"line":772,"column":4},"end":{"line":772,"column":37}},"type":"if","locations":[{"start":{"line":772,"column":4},"end":{"line":772,"column":37}},{"start":{},"end":{}}],"line":772},"74":{"loc":{"start":{"line":792,"column":4},"end":{"line":796,"column":5}},"type":"if","locations":[{"start":{"line":792,"column":4},"end":{"line":796,"column":5}},{"start":{"line":794,"column":11},"end":{"line":796,"column":5}}],"line":792},"75":{"loc":{"start":{"line":799,"column":6},"end":{"line":799,"column":66}},"type":"cond-expr","locations":[{"start":{"line":799,"column":48},"end":{"line":799,"column":55}},{"start":{"line":799,"column":58},"end":{"line":799,"column":66}}],"line":799},"76":{"loc":{"start":{"line":802,"column":4},"end":{"line":804,"column":5}},"type":"if","locations":[{"start":{"line":802,"column":4},"end":{"line":804,"column":5}},{"start":{},"end":{}}],"line":802},"77":{"loc":{"start":{"line":802,"column":8},"end":{"line":802,"column":68}},"type":"binary-expr","locations":[{"start":{"line":802,"column":8},"end":{"line":802,"column":46}},{"start":{"line":802,"column":50},"end":{"line":802,"column":68}}],"line":802},"78":{"loc":{"start":{"line":812,"column":4},"end":{"line":814,"column":5}},"type":"if","locations":[{"start":{"line":812,"column":4},"end":{"line":814,"column":5}},{"start":{},"end":{}}],"line":812},"79":{"loc":{"start":{"line":818,"column":22},"end":{"line":818,"column":82}},"type":"binary-expr","locations":[{"start":{"line":818,"column":22},"end":{"line":818,"column":42}},{"start":{"line":818,"column":46},"end":{"line":818,"column":82}}],"line":818},"80":{"loc":{"start":{"line":836,"column":8},"end":{"line":836,"column":43}},"type":"if","locations":[{"start":{"line":836,"column":8},"end":{"line":836,"column":43}},{"start":{},"end":{}}],"line":836},"81":{"loc":{"start":{"line":839,"column":10},"end":{"line":841,"column":11}},"type":"if","locations":[{"start":{"line":
[...]
,"E:\\git-reprositor\\js-advanced-diploma\\src\\js\\generators.js": {"path":"E:\\git-reprositor\\js-advanced-diploma\\src\\js\\generators.js","statementMap":{"0":{"start":{"line":15,"column":2},"end":{"line":21,"column":3}},"1":{"start":{"line":16,"column":28},"end":{"line":16,"column":89}},"2":{"start":{"line":18,"column":24},"end":{"line":18,"column":64}},"3":{"start":{"line":20,"column":4},"end":{"line":20,"column":43}},"4":{"start":{"line":33,"column":20},"end":{"line":33,"column":62}},"5":{"start":{"line":34,"column":21},"end":{"line":34,"column":23}},"6":{"start":{"line":36,"column":2},"end":{"line":38,"column":3}},"7":{"start":{"line":36,"column":15},"end":{"line":36,"column":16}},"8":{"start":{"line":37,"column":4},"end":{"line":37,"column":44}},"9":{"start":{"line":40,"column":2},"end":{"line":40,"column":30}}},"fnMap":{"0":{"name":"characterGenerator","decl":{"start":{"line":13,"column":17},"end":{"line":13,"column":35}},"loc":{"start":{"line":13,"column":60},"end":{"line":22,"column":1}},"line":13},"1":{"name":"generateTeam","decl":{"start":{"line":31,"column":16},"end":{"line":31,"column":28}},"loc":{"start":{"line":31,"column":69},"end":{"line":41,"column":1}},"line":31}},"branchMap":{},"s":{"0":10,"1":20,"2":20,"3":20,"4":10,"5":10,"6":10,"7":10,"8":20,"9":10},"f":{"0":10,"1":10},"b":{},"_coverageSchema":"1a1c01bbd47fc00a2c39e90264f33305004495a9","hash":"a401b9981ae8c1f8eb59c5a3afb1b26ed59e1937"}
,"E:\\git-reprositor\\js-advanced-diploma\\src\\js\\utils.js": {"path":"E:\\git-reprositor\\js-advanced-diploma\\src\\js\\utils.js","statementMap":{"0":{"start":{"line":26,"column":22},"end":{"line":26,"column":23}},"1":{"start":{"line":27,"column":23},"end":{"line":27,"column":36}},"2":{"start":{"line":28,"column":26},"end":{"line":28,"column":51}},"3":{"start":{"line":29,"column":25},"end":{"line":29,"column":58}},"4":{"start":{"line":31,"column":2},"end":{"line":31,"column":47}},"5":{"start":{"line":31,"column":29},"end":{"line":31,"column":47}},"6":{"start":{"line":32,"column":2},"end":{"line":32,"column":49}},"7":{"start":{"line":32,"column":30},"end":{"line":32,"column":49}},"8":{"start":{"line":33,"column":2},"end":{"line":33,"column":53}},"9":{"start":{"line":33,"column":32},"end":{"line":33,"column":53}},"10":{"start":{"line":34,"column":2},"end":{"line":34,"column":55}},"11":{"start":{"line":34,"column":33},"end":{"line":34,"column":55}},"12":{"start":{"line":36,"column":2},"end":{"line":36,"column":41}},"13":{"start":{"line":36,"column":28},"end":{"line":36,"column":41}},"14":{"start":{"line":37,"column":2},"end":{"line":37,"column":46}},"15":{"start":{"line":37,"column":30},"end":{"line":37,"column":46}},"16":{"start":{"line":39,"column":2},"end":{"line":39,"column":45}},"17":{"start":{"line":39,"column":31},"end":{"line":39,"column":45}},"18":{"start":{"line":40,"column":2},"end":{"line":40,"column":58}},"19":{"start":{"line":40,"column":43},"end":{"line":40,"column":58}},"20":{"start":{"line":42,"column":2},"end":{"line":42,"column":18}},"21":{"start":{"line":46,"column":2},"end":{"line":48,"column":3}},"22":{"start":{"line":47,"column":4},"end":{"line":47,"column":22}},"23":{"start":{"line":50,"column":2},"end":{"line":52,"column":3}},"24":{"start":{"line":51,"column":4},"end":{"line":51,"column":20}},"25":{"start":{"line":54,"column":2},"end":{"line":54,"column":16}}},"fnMap":{"0":{"name":"calcTileType","decl":{"start":{"line":25,"column":16},"end":{"line":25,"column":28}},"loc":{"start":{"line":25,"column":47},"end":{"line":43,"column":1}},"line":25},"1":{"name":"calcHealthLevel","decl":{"start":{"line":45,"column":16},"end":{"line":45,"column":31}},"loc":{"start":{"line":45,"column":40},"end":{"line":55,"column":1}},"line":45}},"branchMap":{"0":{"loc":{"start":{"line":31,"column":2},"end":{"line":31,"column":47}},"type":"if","locations":[{"start":{"line":31,"column":2},"end":{"line":31,"column":47}},{"start":{},"end":{}}],"line":31},"1":{"loc":{"start":{"line":32,"column":2},"end":{"line":32,"column":49}},"type":"if","locations":[{"start":{"line":32,"column":2},"end":{"line":32,"column":49}},{"start":{},"end":{}}],"line":32},"2":{"loc":{"start":{"line":33,"column":2},"end":{"line":33,"column":53}},"type":"if","locations":[{"start":{"line":33,"column":2},"end":{"line":33,"column":53}},{"start":{},"end":{}}],"line":33},"3":{"loc":{"start":{"line":34,"column":2},"end":{"line":34,"column":55}},"type":"if","locations":[{"start":{"line":34,"column":2},"end":{"line":34,"column":55}},{"start":{},"end":{}}],"line":34},"4":{"loc":{"start":{"line":36,"column":2},"end":{"line":36,"column":41}},"type":"if","locations":[{"start":{"line":36,"column":2},"end":{"line":36,"column":41}},{"start":{},"end":{}}],"line":36},"5":{"loc":{"start":{"line":37,"column":2},"end":{"line":37,"column":46}},"type":"if","locations":[{"start":{"line":37,"column":2},"end":{"line":37,"column":46}},{"start":{},"end":{}}],"line":37},"6":{"loc":{"start":{"line":39,"column":2},"end":{"line":39,"column":45}},"type":"if","locations":[{"start":{"line":39,"column":2},"end":{"line":39,"column":45}},{"start":{},"end":{}}],"line":39},"7":{"loc":{"start":{"line":40,"column":2},"end":{"line":40,"column":58}},"type":"if","locations":[{"start":{"line":40,"column":2},"end":{"line":40,"column":58}},{"start":{},"end":{}}],"line":40},"8":{"loc":{"start":{"line":46,"column":2},"end":{"line":48,"column":3}},"type":"if","locations":[{"start":{"line":46,"column":2},"end":{"line":48,"column":3}},{"start":{},"end":{}}],"line":46},"9":{"loc":{"start":{"line":50,"column":2},"end":{"line":52,"column":3}},"type":"if","locations":[{"start":{"line":50,"column":2},"end":{"line":52,"column":3}},{"start":{},"end":{}}],"line":50}},"s":{"0":11,"1":11,"2":11,"3":11,"4":11,"5":2,"6":9,"7":2,"8":7,"9":1,"10":6,"11":2,"12":4,"13":1,"14":3,"15":0,"16":3,"17":1,"18":2,"19":1,"20":1,"21":0,"22":0,"23":0,"24":0,"25":0},"f":{"0":11,"1":0},"b":{"0":[2,9],"1":[2,7],"2":[1,6],"3":[2,4],"4":[1,3],"5":[0,3],"6":[1,2],"7":[1,1],"8":[0,0],"9":[0,0]},"_coverageSchema":"1a1c01bbd47fc00a2c39e90264f33305004495a9","hash":"e84e2dab5f55b1e91f6a34a4ce181e0fa9c4ac72"}
,"E:\\git-reprositor\\js-advanced-diploma\\src\\js\\characters\\Bowman.js": {"path":"E:\\git-reprositor\\js-advanced-diploma\\src\\js\\characters\\Bowman.js","statementMap":{"0":{"start":{"line":5,"column":4},"end":{"line":5,"column":17}},"1":{"start":{"line":6,"column":4},"end":{"line":6,"column":26}},"2":{"start":{"line":7,"column":4},"end":{"line":7,"column":22}},"3":{"start":{"line":8,"column":4},"end":{"line":8,"column":25}},"4":{"start":{"line":9,"column":4},"end":{"line":9,"column":26}},"5":{"start":{"line":10,"column":4},"end":{"line":10,"column":28}},"6":{"start":{"line":12,"column":4},"end":{"line":34,"column":6}},"7":{"start":{"line":14,"column":23},"end":{"line":14,"column":58}},"8":{"start":{"line":15,"column":27},"end":{"line":15,"column":47}},"9":{"start":{"line":16,"column":8},"end":{"line":20,"column":10}},"10":{"start":{"line":23,"column":23},"end":{"line":23,"column":58}},"11":{"start":{"line":24,"column":27},"end":{"line":24,"column":46}},"12":{"start":{"line":25,"column":8},"end":{"line":29,"column":10}},"13":{"start":{"line":31,"column":22},"end":{"line":33,"column":7}},"14":{"start":{"line":36,"column":4},"end":{"line":39,"column":6}}},"fnMap":{"0":{"name":"(anonymous_0)","decl":{"start":{"line":4,"column":2},"end":{"line":4,"column":3}},"loc":{"start":{"line":4,"column":21},"end":{"line":40,"column":3}},"line":4},"1":{"name":"(anonymous_1)","decl":{"start":{"line":13,"column":14},"end":{"line":13,"column":15}},"loc":{"start":{"line":13,"column":20},"end":{"line":21,"column":7}},"line":13},"2":{"name":"(anonymous_2)","decl":{"start":{"line":22,"column":18},"end":{"line":22,"column":19}},"loc":{"start":{"line":22,"column":24},"end":{"line":30,"column":7}},"line":22},"3":{"name":"(anonymous_3)","decl":{"start":{"line":31,"column":15},"end":{"line":31,"column":16}},"loc":{"start":{"line":31,"column":22},"end":{"line":33,"column":7}},"line":31}},"branchMap":{"0":{"loc":{"start":{"line":17,"column":18},"end":{"line":17,"column":52}},"type":"cond-expr","locations":[{"start":{"line":17,"column":31},"end":{"line":17,"column":43}},{"start":{"line":17,"column":46},"end":{"line":17,"column":52}}],"line":17},"1":{"loc":{"start":{"line":26,"column":18},"end":{"line":26,"column":50}},"type":"cond-expr","locations":[{"start":{"line":26,"column":31},"end":{"line":26,"column":41}},{"start":{"line":26,"column":44},"end":{"line":26,"column":50}}],"line":26}},"s":{"0":14,"1":14,"2":14,"3":14,"4":14,"5":14,"6":14,"7":2,"8":2,"9":2,"10":1,"11":1,"12":1,"13":0,"14":14},"f":{"0":14,"1":2,"2":1,"3":0},"b":{"0":[0,2],"1":[0,1]},"_coverageSchema":"1a1c01bbd47fc00a2c39e90264f33305004495a9","hash":"4f65a1d4cbfd8bc3b8c60a011152a341d412e271"}
,"E:\\git-reprositor\\js-advanced-diploma\\src\\js\\characters\\Daemon.js": {"path":"E:\\git-reprositor\\js-advanced-diploma\\src\\js\\characters\\Daemon.js","statementMap":{"0":{"start":{"line":5,"column":4},"end":{"line":5,"column":17}},"1":{"start":{"line":6,"column":4},"end":{"line":6,"column":26}},"2":{"start":{"line":7,"column":4},"end":{"line":7,"column":22}},"3":{"start":{"line":8,"column":4},"end":{"line":8,"column":25}},"4":{"start":{"line":9,"column":4},"end":{"line":9,"column":26}},"5":{"start":{"line":10,"column":4},"end":{"line":10,"column":28}},"6":{"start":{"line":11,"column":4},"end":{"line":11,"column":24}},"7":{"start":{"line":13,"column":4},"end":{"line":23,"column":6}},"8":{"start":{"line":15,"column":23},"end":{"line":15,"column":58}},"9":{"start":{"line":16,"column":27},"end":{"line":16,"column":47}},"10":{"start":{"line":17,"column":8},"end":{"line":21,"column":10}}},"fnMap":{"0":{"name":"(anonymous_0)","decl":{"start":{"line":4,"column":2},"end":{"line":4,"column":3}},"loc":{"start":{"line":4,"column":21},"end":{"line":24,"column":3}},"line":4},"1":{"name":"(anonymous_1)","decl":{"start":{"line":14,"column":14},"end":{"line":14,"column":15}},"loc":{"start":{"line":14,"column":20},"end":{"line":22,"column":7}},"line":14}},"branchMap":{"0":{"loc":{"start":{"line":18,"column":18},"end":{"line":18,"column":52}},"type":"cond-expr","locations":[{"start":{"line":18,"column":31},"end":{"line":18,"column":43}},{"start":{"line":18,"column":46},"end":{"line":18,"column":52}}],"line":18}},"s":{"0":6,"1":6,"2":6,"3":6,"4":6,"5":6,"6":6,"7":6,"8":1,"9":1,"10":1},"f":{"0":6,"1":1},"b":{"0":[0,1]},"_coverageSchema":"1a1c01bbd47fc00a2c39e90264f33305004495a9","hash":"305b1c2bdb151127868ac5e5aef0e767dac9fc10"}
,"E:\\git-reprositor\\js-advanced-diploma\\src\\js\\characters\\Magician.js": {"path":"E:\\git-reprositor\\js-advanced-diploma\\src\\js\\characters\\Magician.js","statementMap":{"0":{"start":{"line":5,"column":4},"end":{"line":5,"column":17}},"1":{"start":{"line":6,"column":4},"end":{"line":6,"column":26}},"2":{"start":{"line":7,"column":4},"end":{"line":7,"column":22}},"3":{"start":{"line":8,"column":4},"end":{"line":8,"column":27}},"4":{"start":{"line":9,"column":4},"end":{"line":9,"column":26}},"5":{"start":{"line":10,"column":4},"end":{"line":10,"column":28}},"6":{"start":{"line":12,"column":4},"end":{"line":34,"column":6}},"7":{"start":{"line":14,"column":23},"end":{"line":14,"column":58}},"8":{"start":{"line":15,"column":27},"end":{"line":15,"column":47}},"9":{"start":{"line":16,"column":8},"end":{"line":20,"column":10}},"10":{"start":{"line":23,"column":23},"end":{"line":23,"column":58}},"11":{"start":{"line":24,"column":27},"end":{"line":24,"column":46}},"12":{"start":{"line":25,"column":8},"end":{"line":29,"column":10}},"13":{"start":{"line":31,"column":22},"end":{"line":33,"column":7}},"14":{"start":{"line":36,"column":4},"end":{"line":39,"column":7}},"15":{"start":{"line":36,"column":36},"end":{"line":39,"column":5}},"16":{"start":{"line":41,"column":4},"end":{"line":44,"column":6}}},"fnMap":{"0":{"name":"(anonymous_0)","decl":{"start":{"line":4,"column":2},"end":{"line":4,"column":3}},"loc":{"start":{"line":4,"column":21},"end":{"line":45,"column":3}},"line":4},"1":{"name":"(anonymous_1)","decl":{"start":{"line":13,"column":14},"end":{"line":13,"column":15}},"loc":{"start":{"line":13,"column":20},"end":{"line":21,"column":7}},"line":13},"2":{"name":"(anonymous_2)","decl":{"start":{"line":22,"column":18},"end":{"line":22,"column":19}},"loc":{"start":{"line":22,"column":24},"end":{"line":30,"column":7}},"line":22},"3":{"name":"(anonymous_3)","decl":{"start":{"line":31,"column":15},"end":{"line":31,"column":16}},"loc":{"start":{"line":31,"column":22},"end":{"line":33,"column":7}},"line":31},"4":{"name":"(anonymous_4)","decl":{"start":{"line":36,"column":29},"end":{"line":36,"column":30}},"loc":{"start":{"line":36,"column":36},"end":{"line":39,"column":5}},"line":36}},"branchMap":{"0":{"loc":{"start":{"line":17,"column":18},"end":{"line":17,"column":52}},"type":"cond-expr","locations":[{"start":{"line":17,"column":31},"end":{"line":17,"column":43}},{"start":{"line":17,"column":46},"end":{"line":17,"column":52}}],"line":17},"1":{"loc":{"start":{"line":26,"column":18},"end":{"line":26,"column":50}},"type":"cond-expr","locations":[{"start":{"line":26,"column":31},"end":{"line":26,"column":41}},{"start":{"line":26,"column":44},"end":{"line":26,"column":50}}],"line":26}},"s":{"0":8,"1":8,"2":8,"3":8,"4":8,"5":8,"6":8,"7":0,"8":0,"9":0,"10":0,"11":0,"12":0,"13":0,"14":8,"15":1,"16":8},"f":{"0":8,"1":0,"2":0,"3":0,"4":1},"b":{"0":[0,0],"1":[0,0]},"_coverageSchema":"1a1c01bbd47fc00a2c39e90264f33305004495a9","hash":"515444c0aee7ebead19dc278042bf8ad965e788b"}
,"E:\\git-reprositor\\js-advanced-diploma\\src\\js\\characters\\Swordsman.js": {"path":"E:\\git-reprositor\\js-advanced-diploma\\src\\js\\characters\\Swordsman.js","statementMap":{"0":{"start":{"line":5,"column":4},"end":{"line":5,"column":17}},"1":{"start":{"line":6,"column":4},"end":{"line":6,"column":26}},"2":{"start":{"line":7,"column":4},"end":{"line":7,"column":22}},"3":{"start":{"line":8,"column":4},"end":{"line":8,"column":28}},"4":{"start":{"line":9,"column":4},"end":{"line":9,"column":26}},"5":{"start":{"line":10,"column":4},"end":{"line":10,"column":28}},"6":{"start":{"line":12,"column":4},"end":{"line":34,"column":6}},"7":{"start":{"line":14,"column":23},"end":{"line":14,"column":58}},"8":{"start":{"line":15,"column":27},"end":{"line":15,"column":47}},"9":{"start":{"line":16,"column":8},"end":{"line":20,"column":10}},"10":{"start":{"line":23,"column":23},"end":{"line":23,"column":58}},"11":{"start":{"line":24,"column":27},"end":{"line":24,"column":46}},"12":{"start":{"line":25,"column":8},"end":{"line":29,"column":10}},"13":{"start":{"line":31,"column":22},"end":{"line":33,"column":7}}},"fnMap":{"0":{"name":"(anonymous_0)","decl":{"start":{"line":4,"column":2},"end":{"line":4,"column":3}},"loc":{"start":{"line":4,"column":21},"end":{"line":35,"column":3}},"line":4},"1":{"name":"(anonymous_1)","decl":{"start":{"line":13,"column":14},"end":{"line":13,"column":15}},"loc":{"start":{"line":13,"column":20},"end":{"line":21,"column":7}},"line":13},"2":{"name":"(anonymous_2)","decl":{"start":{"line":22,"column":18},"end":{"line":22,"column":19}},"loc":{"start":{"line":22,"column":24},"end":{"line":30,"column":7}},"line":22},"3":{"name":"(anonymous_3)","decl":{"start":{"line":31,"column":15},"end":{"line":31,"column":16}},"loc":{"start":{"line":31,"column":22},"end":{"line":33,"column":7}},"line":31}},"branchMap":{"0":{"loc":{"start":{"line":17,"column":18},"end":{"line":17,"column":52}},"type":"cond-expr","locations":[{"start":{"line":17,"column":31},"end":{"line":17,"column":43}},{"start":{"line":17,"column":46},"end":{"line":17,"column":52}}],"line":17},"1":{"loc":{"start":{"line":26,"column":18},"end":{"line":26,"column":50}},"type":"cond-expr","locations":[{"start":{"line":26,"column":31},"end":{"line":26,"column":41}},{"start":{"line":26,"column":44},"end":{"line":26,"column":50}}],"line":26}},"s":{"0":7,"1":7,"2":7,"3":7,"4":7,"5":7,"6":7,"7":1,"8":1,"9":1,"10":0,"11":0,"12":0,"13":0},"f":{"0":7,"1":1,"2":0,"3":0},"b":{"0":[0,1],"1":[0,0]},"_coverageSchema":"1a1c01bbd47fc00a2c39e90264f33305004495a9","hash":"c5e85c9d0afddc3052f9716cb8cba2a3d372a196"}
,"E:\\git-reprositor\\js-advanced-diploma\\src\\js\\characters\\Undead.js": {"path":"E:\\git-reprositor\\js-advanced-diploma\\src\\js\\characters\\Undead.js","statementMap":{"0":{"start":{"line":5,"column":4},"end":{"line":5,"column":17}},"1":{"start":{"line":6,"column":4},"end":{"line":6,"column":26}},"2":{"start":{"line":7,"column":4},"end":{"line":7,"column":22}},"3":{"start":{"line":8,"column":4},"end":{"line":8,"column":25}},"4":{"start":{"line":9,"column":4},"end":{"line":9,"column":26}},"5":{"start":{"line":10,"column":4},"end":{"line":10,"column":28}},"6":{"start":{"line":12,"column":4},"end":{"line":22,"column":6}},"7":{"start":{"line":14,"column":23},"end":{"line":14,"column":58}},"8":{"start":{"line":15,"column":27},"end":{"line":15,"column":47}},"9":{"start":{"line":16,"column":8},"end":{"line":20,"column":10}}},"fnMap":{"0":{"name":"(anonymous_0)","decl":{"start":{"line":4,"column":2},"end":{"line":4,"column":3}},"loc":{"start":{"line":4,"column":21},"end":{"line":23,"column":3}},"line":4},"1":{"name":"(anonymous_1)","decl":{"start":{"line":13,"column":14},"end":{"line":13,"column":15}},"loc":{"start":{"line":13,"column":20},"end":{"line":21,"column":7}},"line":13}},"branchMap":{"0":{"loc":{"start":{"line":17,"column":18},"end":{"line":17,"column":52}},"type":"cond-expr","locations":[{"start":{"line":17,"column":31},"end":{"line":17,"column":43}},{"start":{"line":17,"column":46},"end":{"line":17,"column":52}}],"line":17}},"s":{"0":8,"1":8,"2":8,"3":8,"4":8,"5":8,"6":8,"7":1,"8":1,"9":1},"f":{"0":8,"1":1},"b":{"0":[1,0]},"_coverageSchema":"1a1c01bbd47fc00a2c39e90264f33305004495a9","hash":"1dcf57397f8f3ff5329eeb263b445dd5b0ba5964"}
,"E:\\git-reprositor\\js-advanced-diploma\\src\\js\\characters\\Vampire.js": {"path":"E:\\git-reprositor\\js-advanced-diploma\\src\\js\\characters\\Vampire.js","statementMap":{"0":{"start":{"line":5,"column":4},"end":{"line":5,"column":17}},"1":{"start":{"line":6,"column":4},"end":{"line":6,"column":26}},"2":{"start":{"line":7,"column":4},"end":{"line":7,"column":22}},"3":{"start":{"line":8,"column":4},"end":{"line":8,"column":26}},"4":{"start":{"line":9,"column":4},"end":{"line":9,"column":26}},"5":{"start":{"line":10,"column":4},"end":{"line":10,"column":28}},"6":{"start":{"line":12,"column":4},"end":{"line":22,"column":6}},"7":{"start":{"line":14,"column":23},"end":{"line":14,"column":58}},"8":{"start":{"line":15,"column":27},"end":{"line":15,"column":47}},"9":{"start":{"line":16,"column":8},"end":{"line":20,"column":10}}},"fnMap":{"0":{"name":"(anonymous_0)","decl":{"start":{"line":4,"column":2},"end":{"line":4,"column":3}},"loc":{"start":{"line":4,"column":21},"end":{"line":23,"column":3}},"line":4},"1":{"name":"(anonymous_1)","decl":{"start":{"line":13,"column":14},"end":{"line":13,"column":15}},"loc":{"start":{"line":13,"column":20},"end":{"line":21,"column":7}},"line":13}},"branchMap":{"0":{"loc":{"start":{"line":17,"column":18},"end":{"line":17,"column":52}},"type":"cond-expr","locations":[{"start":{"line":17,"column":31},"end":{"line":17,"column":43}},{"start":{"line":17,"column":46},"end":{"line":17,"column":52}}],"line":17}},"s":{"0":4,"1":4,"2":4,"3":4,"4":4,"5":4,"6":4,"7":1,"8":1,"9":1},"f":{"0":4,"1":1},"b":{"0":[0,1]},"_coverageSchema":"1a1c01bbd47fc00a2c39e90264f33305004495a9","hash":"16f188495248420eaa372db86e287c8b109860b7"}
}
