TN:
SF:src\js\Character.js
FN:2,(anonymous_0)
FN:22,(anonymous_1)
FN:23,(anonymous_2)
FN:24,(anonymous_3)
FN:25,(anonymous_4)
FN:34,(anonymous_5)
FN:53,(anonymous_6)
FN:59,(anonymous_7)
FN:63,(anonymous_8)
FN:73,(anonymous_9)
FN:77,(anonymous_10)
FN:85,(anonymous_11)
FNF:12
FNH:5
FNDA:47,(anonymous_0)
FNDA:0,(anonymous_1)
FNDA:0,(anonymous_2)
FNDA:0,(anonymous_3)
FNDA:0,(anonymous_4)
FNDA:22,(anonymous_5)
FNDA:2,(anonymous_6)
FNDA:0,(anonymous_7)
FNDA:0,(anonymous_8)
FNDA:42,(anonymous_9)
FNDA:1,(anonymous_10)
FNDA:0,(anonymous_11)
DA:3,47
DA:4,0
DA:6,47
DA:7,47
DA:8,47
DA:9,47
DA:10,47
DA:11,47
DA:12,47
DA:13,47
DA:14,47
DA:15,47
DA:17,47
DA:18,22
DA:21,47
DA:22,0
DA:23,0
DA:24,0
DA:25,0
DA:28,47
DA:35,22
DA:36,22
DA:37,22
DA:39,22
DA:40,22
DA:42,22
DA:43,0
DA:46,22
DA:47,0
DA:50,22
DA:54,2
DA:55,2
DA:56,2
DA:60,0
DA:64,0
DA:65,0
DA:66,0
DA:67,0
DA:69,0
DA:70,0
DA:74,42
DA:78,1
DA:79,1
DA:80,0
DA:82,1
DA:86,0
DA:87,0
DA:88,0
LF:48
LH:30
BRDA:2,0,0,47
BRDA:3,1,0,0
BRDA:3,1,1,47
BRDA:3,2,0,47
BRDA:3,2,1,47
BRDA:42,3,0,0
BRDA:42,3,1,22
BRDA:46,4,0,0
BRDA:46,4,1,22
BRDA:69,5,0,0
BRDA:69,5,1,0
BRDA:70,6,0,0
BRDA:70,6,1,0
BRDA:79,7,0,0
BRDA:79,7,1,1
BRF:15
BRH:7
end_of_record
TN:
SF:src\js\GameController.js
FN:13,(anonymous_0)
FN:44,(anonymous_1)
FN:46,(anonymous_2)
FN:50,(anonymous_3)
FN:75,(anonymous_4)
FN:82,(anonymous_5)
FN:83,(anonymous_6)
FN:106,(anonymous_7)
FN:107,(anonymous_8)
FN:112,(anonymous_9)
FN:117,(anonymous_10)
FN:123,(anonymous_11)
FN:127,(anonymous_12)
FN:145,(anonymous_13)
FN:150,(anonymous_14)
FN:152,(anonymous_15)
FN:153,(anonymous_16)
FN:158,(anonymous_17)
FN:169,(anonymous_18)
FN:171,(anonymous_19)
FN:191,(anonymous_20)
FN:192,(anonymous_21)
FN:193,(anonymous_22)
FN:214,(anonymous_23)
FN:215,(anonymous_24)
FN:216,(anonymous_25)
FN:235,(anonymous_26)
FN:243,(anonymous_27)
FN:244,(anonymous_28)
FN:245,(anonymous_29)
FN:247,(anonymous_30)
FN:259,(anonymous_31)
FN:271,(anonymous_32)
FN:272,(anonymous_33)
FN:275,(anonymous_34)
FN:280,(anonymous_35)
FN:299,(anonymous_36)
FN:308,(anonymous_37)
FN:310,(anonymous_38)
FN:311,(anonymous_39)
FN:313,(anonymous_40)
FN:325,(anonymous_41)
FN:333,(anonymous_42)
FN:343,(anonymous_43)
FN:356,(anonymous_44)
FN:387,(anonymous_45)
FN:392,(anonymous_46)
FN:412,(anonymous_47)
FN:417,(anonymous_48)
FN:421,(anonymous_49)
FN:424,(anonymous_50)
FN:436,(anonymous_51)
FN:444,(anonymous_52)
FN:476,(anonymous_53)
FN:492,(anonymous_54)
FN:526,(anonymous_55)
FN:534,(anonymous_56)
FN:540,(anonymous_57)
FN:545,(anonymous_58)
FN:551,(anonymous_59)
FN:565,(anonymous_60)
FN:571,(anonymous_61)
FN:579,(anonymous_62)
FN:587,(anonymous_63)
FN:593,(anonymous_64)
FN:600,(anonymous_65)
FN:625,(anonymous_66)
FN:651,(anonymous_67)
FN:669,(anonymous_68)
FN:677,(anonymous_69)
FN:680,(anonymous_70)
FN:735,(anonymous_71)
FN:745,(anonymous_72)
FN:762,(anonymous_73)
FN:770,(anonymous_74)
FN:775,(anonymous_75)
FN:782,(anonymous_76)
FN:784,(anonymous_77)
FN:785,(anonymous_78)
FN:788,(anonymous_79)
FN:793,(anonymous_80)
FN:795,(anonymous_81)
FN:807,(anonymous_82)
FN:809,(anonymous_83)
FN:810,(anonymous_84)
FN:818,(anonymous_85)
FN:819,(anonymous_86)
FN:826,(anonymous_87)
FN:827,(anonymous_88)
FN:838,(anonymous_89)
FN:845,(anonymous_90)
FN:884,(anonymous_91)
FN:885,(anonymous_92)
FN:894,(anonymous_93)
FN:895,(anonymous_94)
FN:919,(anonymous_95)
FN:952,(anonymous_96)
FN:959,(anonymous_97)
FN:965,(anonymous_98)
FNF:99
FNH:33
FNDA:28,(anonymous_0)
FNDA:0,(anonymous_1)
FNDA:0,(anonymous_2)
FNDA:0,(anonymous_3)
FNDA:0,(anonymous_4)
FNDA:0,(anonymous_5)
FNDA:0,(anonymous_6)
FNDA:0,(anonymous_7)
FNDA:0,(anonymous_8)
FNDA:0,(anonymous_9)
FNDA:0,(anonymous_10)
FNDA:5,(anonymous_11)
FNDA:2,(anonymous_12)
FNDA:1,(anonymous_13)
FNDA:2,(anonymous_14)
FNDA:0,(anonymous_15)
FNDA:0,(anonymous_16)
FNDA:0,(anonymous_17)
FNDA:0,(anonymous_18)
FNDA:0,(anonymous_19)
FNDA:0,(anonymous_20)
FNDA:0,(anonymous_21)
FNDA:0,(anonymous_22)
FNDA:0,(anonymous_23)
FNDA:0,(anonymous_24)
FNDA:0,(anonymous_25)
FNDA:4,(anonymous_26)
FNDA:0,(anonymous_27)
FNDA:2,(anonymous_28)
FNDA:1,(anonymous_29)
FNDA:4,(anonymous_30)
FNDA:1,(anonymous_31)
FNDA:5,(anonymous_32)
FNDA:10,(anonymous_33)
FNDA:10,(anonymous_34)
FNDA:5,(anonymous_35)
FNDA:10,(anonymous_36)
FNDA:20,(anonymous_37)
FNDA:40,(anonymous_38)
FNDA:320,(anonymous_39)
FNDA:320,(anonymous_40)
FNDA:6,(anonymous_41)
FNDA:4,(anonymous_42)
FNDA:5,(anonymous_43)
FNDA:0,(anonymous_44)
FNDA:6,(anonymous_45)
FNDA:6,(anonymous_46)
FNDA:0,(anonymous_47)
FNDA:0,(anonymous_48)
FNDA:0,(anonymous_49)
FNDA:0,(anonymous_50)
FNDA:0,(anonymous_51)
FNDA:0,(anonymous_52)
FNDA:4,(anonymous_53)
FNDA:1,(anonymous_54)
FNDA:0,(anonymous_55)
FNDA:0,(anonymous_56)
FNDA:0,(anonymous_57)
FNDA:0,(anonymous_58)
FNDA:0,(anonymous_59)
FNDA:0,(anonymous_60)
FNDA:0,(anonymous_61)
FNDA:0,(anonymous_62)
FNDA:0,(anonymous_63)
FNDA:0,(anonymous_64)
FNDA:0,(anonymous_65)
FNDA:0,(anonymous_66)
FNDA:0,(anonymous_67)
FNDA:0,(anonymous_68)
FNDA:0,(anonymous_69)
FNDA:2,(anonymous_70)
FNDA:0,(anonymous_71)
FNDA:0,(anonymous_72)
FNDA:14,(anonymous_73)
FNDA:0,(anonymous_74)
FNDA:0,(anonymous_75)
FNDA:1,(anonymous_76)
FNDA:1,(anonymous_77)
FNDA:1,(anonymous_78)
FNDA:0,(anonymous_79)
FNDA:0,(anonymous_80)
FNDA:0,(anonymous_81)
FNDA:0,(anonymous_82)
FNDA:0,(anonymous_83)
FNDA:0,(anonymous_84)
FNDA:0,(anonymous_85)
FNDA:0,(anonymous_86)
FNDA:0,(anonymous_87)
FNDA:0,(anonymous_88)
FNDA:0,(anonymous_89)
FNDA:0,(anonymous_90)
FNDA:0,(anonymous_91)
FNDA:0,(anonymous_92)
FNDA:0,(anonymous_93)
FNDA:0,(anonymous_94)
FNDA:0,(anonymous_95)
FNDA:2,(anonymous_96)
FNDA:2,(anonymous_97)
FNDA:0,(anonymous_98)
DA:14,28
DA:15,28
DA:16,28
DA:17,28
DA:19,28
DA:20,28
DA:21,28
DA:23,28
DA:24,28
DA:25,28
DA:26,28
DA:28,28
DA:29,28
DA:30,28
DA:31,28
DA:33,28
DA:34,28
DA:36,28
DA:37,28
DA:38,28
DA:39,28
DA:45,0
DA:46,0
DA:49,0
DA:50,0
DA:53,0
DA:54,0
DA:55,0
DA:57,0
DA:58,0
DA:60,0
DA:61,0
DA:63,0
DA:66,0
DA:67,0
DA:68,0
DA:69,0
DA:72,0
DA:76,0
DA:77,0
DA:79,0
DA:81,0
DA:82,0
DA:84,0
DA:85,0
DA:87,0
DA:88,0
DA:89,0
DA:90,0
DA:91,0
DA:94,0
DA:97,0
DA:98,0
DA:99,0
DA:100,0
DA:101,0
DA:102,0
DA:103,0
DA:107,0
DA:108,0
DA:113,0
DA:114,0
DA:118,0
DA:119,0
DA:120,0
DA:124,5
DA:128,2
DA:129,2
DA:138,2
DA:140,1
DA:141,1
DA:146,1
DA:147,1
DA:148,1
DA:150,1
DA:151,2
DA:152,0
DA:153,0
DA:154,0
DA:156,0
DA:158,0
DA:159,0
DA:160,0
DA:164,0
DA:166,0
DA:169,1
DA:170,0
DA:171,0
DA:173,0
DA:174,0
DA:175,0
DA:176,0
DA:180,1
DA:181,1
DA:182,1
DA:184,1
DA:185,1
DA:187,1
DA:191,0
DA:192,0
DA:193,0
DA:194,0
DA:197,0
DA:201,0
DA:205,0
DA:210,0
DA:211,0
DA:213,0
DA:214,0
DA:215,0
DA:216,0
DA:218,0
DA:219,0
DA:220,0
DA:221,0
DA:223,0
DA:229,1
DA:230,1
DA:231,1
DA:236,4
DA:237,4
DA:238,4
DA:239,4
DA:240,4
DA:241,4
DA:243,4
DA:244,4
DA:245,4
DA:247,4
DA:248,4
DA:250,4
DA:252,0
DA:254,4
DA:255,4
DA:256,4
DA:260,1
DA:261,1
DA:262,1
DA:263,1
DA:264,1
DA:265,1
DA:266,1
DA:267,1
DA:268,1
DA:272,5
DA:273,10
DA:275,5
DA:276,10
DA:281,5
DA:282,5
DA:287,5
DA:289,5
DA:293,5
DA:300,10
DA:301,10
DA:302,10
DA:304,10
DA:305,0
DA:308,10
DA:309,20
DA:311,320
DA:313,320
DA:316,20
DA:319,20
DA:321,20
DA:326,6
DA:330,6
DA:334,4
DA:335,4
DA:336,4
DA:338,4
DA:339,4
DA:340,4
DA:344,5
DA:345,5
DA:347,0
DA:348,0
DA:349,0
DA:351,0
DA:352,0
DA:357,0
DA:358,0
DA:359,0
DA:362,0
DA:363,0
DA:365,0
DA:366,0
DA:368,0
DA:376,0
DA:377,0
DA:378,0
DA:379,0
DA:380,0
DA:382,0
DA:383,0
DA:388,6
DA:392,6
DA:394,6
DA:395,4
DA:396,4
DA:398,4
DA:399,4
DA:404,0
DA:407,2
DA:408,2
DA:413,0
DA:414,0
DA:418,0
DA:421,0
DA:425,0
DA:426,0
DA:428,0
DA:429,0
DA:430,0
DA:432,0
DA:433,0
DA:437,0
DA:439,0
DA:440,0
DA:441,0
DA:445,0
DA:446,0
DA:448,0
DA:449,0
DA:452,0
DA:455,0
DA:456,0
DA:457,0
DA:458,0
DA:461,0
DA:463,0
DA:464,0
DA:465,0
DA:467,0
DA:468,0
DA:470,0
DA:471,0
DA:473,0
DA:477,4
DA:478,4
DA:479,4
DA:480,4
DA:482,4
DA:483,4
DA:485,4
DA:486,2
DA:489,2
DA:493,1
DA:495,1
DA:496,1
DA:497,1
DA:499,1
DA:500,1
DA:501,1
DA:503,1
DA:504,2
DA:505,0
DA:507,2
DA:508,0
DA:510,2
DA:512,2
DA:517,2
DA:519,2
DA:520,2
DA:523,1
DA:527,0
DA:528,0
DA:530,0
DA:531,0
DA:532,0
DA:533,0
DA:534,0
DA:537,0
DA:541,0
DA:543,0
DA:544,0
DA:545,0
DA:550,0
DA:551,0
DA:557,0
DA:561,0
DA:566,0
DA:568,0
DA:569,0
DA:572,0
DA:576,0
DA:577,0
DA:580,0
DA:584,0
DA:588,0
DA:590,0
DA:593,0
DA:597,0
DA:601,0
DA:602,0
DA:604,0
DA:605,0
DA:606,0
DA:607,0
DA:608,0
DA:610,0
DA:611,0
DA:615,0
DA:616,0
DA:622,0
DA:626,0
DA:627,0
DA:629,0
DA:633,0
DA:634,0
DA:635,0
DA:636,0
DA:637,0
DA:639,0
DA:640,0
DA:641,0
DA:642,0
DA:648,0
DA:652,0
DA:654,0
DA:655,0
DA:659,0
DA:661,0
DA:663,0
DA:668,0
DA:669,0
DA:670,0
DA:674,0
DA:677,0
DA:681,2
DA:682,0
DA:683,0
DA:686,2
DA:691,2
DA:692,0
DA:693,0
DA:694,0
DA:697,2
DA:702,2
DA:703,1
DA:704,1
DA:706,1
DA:709,1
DA:710,1
DA:711,0
DA:712,0
DA:715,1
DA:716,1
DA:718,1
DA:720,1
DA:721,1
DA:723,1
DA:724,1
DA:726,1
DA:727,0
DA:730,1
DA:731,0
DA:736,0
DA:737,0
DA:738,0
DA:740,0
DA:741,0
DA:746,0
DA:747,0
DA:748,0
DA:750,0
DA:753,0
DA:754,0
DA:755,0
DA:757,0
DA:758,0
DA:763,14
DA:764,14
DA:771,0
DA:772,0
DA:774,0
DA:775,0
DA:776,0
DA:779,0
DA:783,1
DA:784,1
DA:785,1
DA:789,0
DA:790,0
DA:792,0
DA:793,0
DA:795,0
DA:798,0
DA:800,0
DA:802,0
DA:803,0
DA:808,0
DA:809,0
DA:810,0
DA:812,0
DA:813,0
DA:816,0
DA:817,0
DA:818,0
DA:819,0
DA:821,0
DA:822,0
DA:823,0
DA:825,0
DA:826,0
DA:827,0
DA:836,0
DA:838,0
DA:839,0
DA:840,0
DA:842,0
DA:845,0
DA:846,0
DA:849,0
DA:850,0
DA:856,0
DA:857,0
DA:860,0
DA:861,0
DA:867,0
DA:868,0
DA:869,0
DA:871,0
DA:872,0
DA:873,0
DA:878,0
DA:880,0
DA:885,0
DA:886,0
DA:890,0
DA:895,0
DA:896,0
DA:900,0
DA:904,0
DA:907,0
DA:913,0
DA:914,0
DA:915,0
DA:920,0
DA:921,0
DA:926,0
DA:927,0
DA:928,0
DA:931,0
DA:932,0
DA:933,0
DA:936,0
DA:937,0
DA:938,0
DA:941,0
DA:942,0
DA:943,0
DA:944,0
DA:945,0
DA:947,0
DA:948,0
DA:953,2
DA:958,2
DA:959,2
DA:962,2
DA:963,0
DA:965,0
DA:973,2
LF:463
LH:159
BRDA:15,0,0,28
BRDA:15,0,1,0
BRDA:46,1,0,0
BRDA:46,1,1,0
BRDA:50,2,0,0
BRDA:50,2,1,0
BRDA:53,3,0,0
BRDA:53,3,1,0
BRDA:57,4,0,0
BRDA:57,4,1,0
BRDA:66,5,0,0
BRDA:66,5,1,0
BRDA:88,6,0,0
BRDA:88,6,1,0
BRDA:90,7,0,0
BRDA:90,7,1,0
BRDA:151,8,0,2
BRDA:151,8,1,0
BRDA:151,9,0,2
BRDA:151,9,1,0
BRDA:154,10,0,0
BRDA:154,10,1,0
BRDA:159,11,0,0
BRDA:159,11,1,0
BRDA:159,12,0,0
BRDA:159,12,1,0
BRDA:173,13,0,0
BRDA:173,13,1,0
BRDA:193,14,0,0
BRDA:193,14,1,0
BRDA:194,15,0,0
BRDA:194,15,1,0
BRDA:273,16,0,10
BRDA:273,16,1,0
BRDA:276,17,0,10
BRDA:276,17,1,0
BRDA:304,18,0,0
BRDA:304,18,1,10
BRDA:345,19,0,5
BRDA:345,19,1,0
BRDA:347,20,0,0
BRDA:347,20,1,0
BRDA:357,21,0,0
BRDA:357,21,1,0
BRDA:365,22,0,0
BRDA:365,22,1,0
BRDA:376,23,0,0
BRDA:376,23,1,0
BRDA:377,24,0,0
BRDA:377,24,1,0
BRDA:379,25,0,0
BRDA:379,25,1,0
BRDA:382,26,0,0
BRDA:382,26,1,0
BRDA:394,27,0,4
BRDA:394,27,1,2
BRDA:395,28,0,0
BRDA:395,28,1,4
BRDA:398,29,0,4
BRDA:398,29,1,0
BRDA:437,30,0,0
BRDA:437,30,1,0
BRDA:448,31,0,0
BRDA:448,31,1,0
BRDA:448,32,0,0
BRDA:448,32,1,0
BRDA:456,33,0,0
BRDA:456,33,1,0
BRDA:470,34,0,0
BRDA:470,34,1,0
BRDA:482,35,0,4
BRDA:482,35,1,2
BRDA:485,36,0,2
BRDA:485,36,1,2
BRDA:485,37,0,4
BRDA:485,37,1,2
BRDA:486,38,0,1
BRDA:486,38,1,1
BRDA:489,39,0,1
BRDA:489,39,1,1
BRDA:493,40,0,0
BRDA:493,40,1,1
BRDA:503,41,0,3
BRDA:503,41,1,3
BRDA:503,41,2,1
BRDA:504,42,0,2
BRDA:504,42,1,0
BRDA:505,43,0,0
BRDA:505,43,1,0
BRDA:507,44,0,2
BRDA:507,44,1,0
BRDA:508,45,0,0
BRDA:508,45,1,0
BRDA:517,46,0,0
BRDA:517,46,1,2
BRDA:543,47,0,0
BRDA:543,47,1,0
BRDA:545,48,0,0
BRDA:545,48,1,0
BRDA:551,49,0,0
BRDA:551,49,1,0
BRDA:568,50,0,0
BRDA:568,50,1,0
BRDA:576,51,0,0
BRDA:576,51,1,0
BRDA:588,52,0,0
BRDA:588,52,1,0
BRDA:610,53,0,0
BRDA:610,53,1,0
BRDA:610,54,0,0
BRDA:610,54,1,0
BRDA:615,55,0,0
BRDA:615,55,1,0
BRDA:629,56,0,0
BRDA:629,56,1,0
BRDA:639,57,0,0
BRDA:639,57,1,0
BRDA:639,58,0,0
BRDA:639,58,1,0
BRDA:639,58,2,0
BRDA:641,59,0,0
BRDA:641,59,1,0
BRDA:652,60,0,0
BRDA:652,60,1,0
BRDA:659,61,0,0
BRDA:659,61,1,0
BRDA:668,62,0,0
BRDA:668,62,1,0
BRDA:681,63,0,0
BRDA:681,63,1,2
BRDA:691,64,0,0
BRDA:691,64,1,2
BRDA:702,65,0,1
BRDA:702,65,1,1
BRDA:703,66,0,1
BRDA:703,66,1,0
BRDA:709,67,0,1
BRDA:709,67,1,0
BRDA:710,68,0,0
BRDA:710,68,1,1
BRDA:726,69,0,0
BRDA:726,69,1,1
BRDA:730,70,0,0
BRDA:730,70,1,1
BRDA:740,71,0,0
BRDA:740,71,1,0
BRDA:757,72,0,0
BRDA:757,72,1,0
BRDA:772,73,0,0
BRDA:772,73,1,0
BRDA:792,74,0,0
BRDA:792,74,1,0
BRDA:799,75,0,0
BRDA:799,75,1,0
BRDA:802,76,0,0
BRDA:802,76,1,0
BRDA:802,77,0,0
BRDA:802,77,1,0
BRDA:812,78,0,0
BRDA:812,78,1,0
BRDA:818,79,0,0
BRDA:818,79,1,0
BRDA:836,80,0,0
BRDA:836,80,1,0
BRDA:839,81,0,0
BRDA:839,81,1,0
BRDA:849,82,0,0
BRDA:849,82,1,0
BRDA:856,83,0,0
BRDA:856,83,1,0
BRDA:867,84,0,0
BRDA:867,84,1,0
BRDA:867,85,0,0
BRDA:867,85,1,0
BRDA:871,86,0,0
BRDA:871,86,1,0
BRDA:873,87,0,0
BRDA:873,87,1,0
BRDA:904,88,0,0
BRDA:904,88,1,0
BRDA:913,89,0,0
BRDA:913,89,1,0
BRDA:913,90,0,0
BRDA:913,90,1,0
BRDA:926,91,0,0
BRDA:926,91,1,0
BRDA:926,92,0,0
BRDA:926,92,1,0
BRDA:932,93,0,0
BRDA:932,93,1,0
BRDA:932,94,0,0
BRDA:932,94,1,0
BRDA:937,95,0,0
BRDA:937,95,1,0
BRDA:962,96,0,0
BRDA:962,96,1,2
BRDA:973,97,0,2
BRDA:973,97,1,0
BRF:198
BRH:39
end_of_record
TN:
SF:src\js\GameState.js
FN:5,(anonymous_0)
FN:17,(anonymous_1)
FN:35,(anonymous_2)
FN:36,(anonymous_3)
FN:38,(anonymous_4)
FN:48,(anonymous_5)
FNF:6
FNH:4
FNDA:1,(anonymous_0)
FNDA:39,(anonymous_1)
FNDA:2,(anonymous_2)
FNDA:2,(anonymous_3)
FNDA:0,(anonymous_4)
FNDA:0,(anonymous_5)
DA:6,1
DA:26,39
DA:27,39
DA:28,39
DA:29,39
DA:30,39
DA:31,39
DA:32,39
DA:36,2
DA:37,2
DA:38,0
DA:40,2
DA:41,0
DA:46,2
DA:47,0
DA:48,0
DA:49,0
DA:50,0
DA:53,0
DA:54,0
DA:56,2
DA:59,2
LF:22
LH:14
BRDA:18,0,0,33
BRDA:19,1,0,33
BRDA:20,2,0,33
BRDA:21,3,0,33
BRDA:22,4,0,33
BRDA:23,5,0,33
BRDA:24,6,0,33
BRDA:37,7,0,0
BRDA:37,7,1,2
BRDA:40,8,0,0
BRDA:40,8,1,2
BRDA:46,9,0,0
BRDA:46,9,1,2
BRDA:49,10,0,0
BRDA:49,10,1,0
BRDA:49,11,0,0
BRDA:49,11,1,0
BRDA:49,11,2,0
BRF:18
BRH:10
end_of_record
TN:
SF:src\js\GameStateService.js
FN:4,(anonymous_0)
FN:9,(anonymous_1)
FN:29,(anonymous_2)
FNF:3
FNH:3
FNDA:5,(anonymous_0)
FNDA:2,(anonymous_1)
FNDA:3,(anonymous_2)
DA:5,5
DA:6,5
DA:10,2
DA:11,2
DA:21,2
DA:22,1
DA:24,1
DA:25,1
DA:30,3
DA:31,3
DA:32,2
DA:34,1
DA:36,1
DA:37,1
DA:39,2
DA:40,2
DA:41,2
LF:17
LH:17
BRDA:32,0,0,1
BRDA:32,0,1,1
BRF:2
BRH:2
end_of_record
TN:
SF:src\js\PositionedCharacter.js
FN:4,(anonymous_0)
FNF:1
FNH:1
FNDA:20,(anonymous_0)
DA:5,20
DA:6,0
DA:9,20
DA:10,0
DA:13,20
DA:14,20
LF:6
LH:4
BRDA:5,0,0,0
BRDA:5,0,1,20
BRDA:9,1,0,0
BRDA:9,1,1,20
BRF:4
BRH:2
end_of_record
TN:
SF:src\js\Team.js
FN:16,(anonymous_0)
FNF:1
FNH:1
FNDA:10,(anonymous_0)
DA:17,10
LF:1
LH:1
BRDA:16,0,0,0
BRF:1
BRH:0
end_of_record
TN:
SF:src\js\generators.js
FN:13,characterGenerator
FN:31,generateTeam
FNF:2
FNH:2
FNDA:10,characterGenerator
FNDA:10,generateTeam
DA:15,10
DA:16,20
DA:18,20
DA:20,20
DA:33,10
DA:34,10
DA:36,10
DA:37,20
DA:40,10
LF:9
LH:9
BRF:0
BRH:0
end_of_record
TN:
SF:src\js\utils.js
FN:25,calcTileType
FN:45,calcHealthLevel
FNF:2
FNH:1
FNDA:11,calcTileType
FNDA:0,calcHealthLevel
DA:26,11
DA:27,11
DA:28,11
DA:29,11
DA:31,11
DA:32,9
DA:33,7
DA:34,6
DA:36,4
DA:37,3
DA:39,3
DA:40,2
DA:42,1
DA:46,0
DA:47,0
DA:50,0
DA:51,0
DA:54,0
LF:18
LH:13
BRDA:31,0,0,2
BRDA:31,0,1,9
BRDA:32,1,0,2
BRDA:32,1,1,7
BRDA:33,2,0,1
BRDA:33,2,1,6
BRDA:34,3,0,2
BRDA:34,3,1,4
BRDA:36,4,0,1
BRDA:36,4,1,3
BRDA:37,5,0,0
BRDA:37,5,1,3
BRDA:39,6,0,1
BRDA:39,6,1,2
BRDA:40,7,0,1
BRDA:40,7,1,1
BRDA:46,8,0,0
BRDA:46,8,1,0
BRDA:50,9,0,0
BRDA:50,9,1,0
BRF:20
BRH:15
end_of_record
TN:
SF:src\js\characters\Bowman.js
FN:4,(anonymous_0)
FN:13,(anonymous_1)
FN:22,(anonymous_2)
FN:31,(anonymous_3)
FNF:4
FNH:3
FNDA:14,(anonymous_0)
FNDA:2,(anonymous_1)
FNDA:1,(anonymous_2)
FNDA:0,(anonymous_3)
DA:5,14
DA:6,14
DA:7,14
DA:8,14
DA:9,14
DA:10,14
DA:12,14
DA:14,2
DA:15,2
DA:16,2
DA:23,1
DA:24,1
DA:25,1
DA:31,0
DA:36,14
LF:15
LH:14
BRDA:17,0,0,0
BRDA:17,0,1,2
BRDA:26,1,0,0
BRDA:26,1,1,1
BRF:4
BRH:2
end_of_record
TN:
SF:src\js\characters\Daemon.js
FN:4,(anonymous_0)
FN:14,(anonymous_1)
FNF:2
FNH:2
FNDA:6,(anonymous_0)
FNDA:1,(anonymous_1)
DA:5,6
DA:6,6
DA:7,6
DA:8,6
DA:9,6
DA:10,6
DA:11,6
DA:13,6
DA:15,1
DA:16,1
DA:17,1
LF:11
LH:11
BRDA:18,0,0,0
BRDA:18,0,1,1
BRF:2
BRH:1
end_of_record
TN:
SF:src\js\characters\Magician.js
FN:4,(anonymous_0)
FN:13,(anonymous_1)
FN:22,(anonymous_2)
FN:31,(anonymous_3)
FN:36,(anonymous_4)
FNF:5
FNH:2
FNDA:8,(anonymous_0)
FNDA:0,(anonymous_1)
FNDA:0,(anonymous_2)
FNDA:0,(anonymous_3)
FNDA:1,(anonymous_4)
DA:5,8
DA:6,8
DA:7,8
DA:8,8
DA:9,8
DA:10,8
DA:12,8
DA:14,0
DA:15,0
DA:16,0
DA:23,0
DA:24,0
DA:25,0
DA:31,0
DA:36,8
DA:41,8
LF:16
LH:9
BRDA:17,0,0,0
BRDA:17,0,1,0
BRDA:26,1,0,0
BRDA:26,1,1,0
BRF:4
BRH:0
end_of_record
TN:
SF:src\js\characters\Swordsman.js
FN:4,(anonymous_0)
FN:13,(anonymous_1)
FN:22,(anonymous_2)
FN:31,(anonymous_3)
FNF:4
FNH:2
FNDA:7,(anonymous_0)
FNDA:1,(anonymous_1)
FNDA:0,(anonymous_2)
FNDA:0,(anonymous_3)
DA:5,7
DA:6,7
DA:7,7
DA:8,7
DA:9,7
DA:10,7
DA:12,7
DA:14,1
DA:15,1
DA:16,1
DA:23,0
DA:24,0
DA:25,0
DA:31,0
LF:14
LH:10
BRDA:17,0,0,0
BRDA:17,0,1,1
BRDA:26,1,0,0
BRDA:26,1,1,0
BRF:4
BRH:1
end_of_record
TN:
SF:src\js\characters\Undead.js
FN:4,(anonymous_0)
FN:13,(anonymous_1)
FNF:2
FNH:2
FNDA:8,(anonymous_0)
FNDA:1,(anonymous_1)
DA:5,8
DA:6,8
DA:7,8
DA:8,8
DA:9,8
DA:10,8
DA:12,8
DA:14,1
DA:15,1
DA:16,1
LF:10
LH:10
BRDA:17,0,0,1
BRDA:17,0,1,0
BRF:2
BRH:1
end_of_record
TN:
SF:src\js\characters\Vampire.js
FN:4,(anonymous_0)
FN:13,(anonymous_1)
FNF:2
FNH:2
FNDA:4,(anonymous_0)
FNDA:1,(anonymous_1)
DA:5,4
DA:6,4
DA:7,4
DA:8,4
DA:9,4
DA:10,4
DA:12,4
DA:14,1
DA:15,1
DA:16,1
LF:10
LH:10
BRDA:17,0,0,0
BRDA:17,0,1,1
BRF:2
BRH:1
end_of_record
